{"name": "Cyber-Criminal Aggah Espionage Operation Targets Italian Manufacturing", "value": "atn-com.pw"}
{"name": "Iranian Chafer APT Targeted Air Transportation and Government in Kuwait and Saudi Arabia", "value": "redjewelry.biz"}
{"name": "Iranian Chafer APT Targeted Air Transportation and Government in Kuwait and Saudi Arabia", "value": "update-microsoft.space"}
{"name": "Iranian Chafer APT Targeted Air Transportation and Government in Kuwait and Saudi Arabia", "value": "dropboxengine.com"}
{"name": "Iranian Chafer APT Targeted Air Transportation and Government in Kuwait and Saudi Arabia", "value": "apigoogle-accounts.biz"}
{"name": "From Agent.BTZ to ComRAT v4", "value": "hunvin.tk"}
{"name": "From Agent.BTZ to ComRAT v4", "value": "bronerg.tk"}
{"name": "From Agent.BTZ to ComRAT v4", "value": "vefogy.cf"}
{"name": "From Agent.BTZ to ComRAT v4", "value": "pewyth.ga"}
{"name": "From Agent.BTZ to ComRAT v4", "value": "wekanda.tk"}
{"name": "From Agent.BTZ to ComRAT v4", "value": "misters.ml"}
{"name": "From Agent.BTZ to ComRAT v4", "value": "sameera.gq"}
{"name": "From Agent.BTZ to ComRAT v4", "value": "crusider.tk"}
{"name": "From Agent.BTZ to ComRAT v4", "value": "dixito.ml"}
{"name": "From Agent.BTZ to ComRAT v4", "value": "branter.tk"}
{"name": "From Agent.BTZ to ComRAT v4", "value": "vylys.com"}
{"name": "From Agent.BTZ to ComRAT v4", "value": "duke6.tk"}
{"name": "From Agent.BTZ to ComRAT v4", "value": "deme.ml"}
{"name": "From Agent.BTZ to ComRAT v4", "value": "umefu.gq"}
{"name": "From Agent.BTZ to ComRAT v4", "value": "bedrost.com"}
{"name": "From Agent.BTZ to ComRAT v4", "value": "arinas.tk"}
{"name": "From Agent.BTZ to ComRAT v4", "value": "lakify.ml"}
{"name": "From Agent.BTZ to ComRAT v4", "value": "turla.by"}
{"name": "From Agent.BTZ to ComRAT v4", "value": "sanitar.ml"}
{"name": "From Agent.BTZ to ComRAT v4", "value": "davilta.tk"}
{"name": "From Agent.BTZ to ComRAT v4", "value": "lindaztert.net"}
{"name": "From Agent.BTZ to ComRAT v4", "value": "elizabi.tk"}
{"name": "From Agent.BTZ to ComRAT v4", "value": "celestyna.tk"}
{"name": "From Agent.BTZ to ComRAT v4", "value": "sumefu.gq"}
{"name": "From Agent.BTZ to ComRAT v4", "value": "hofa.tk"}
{"name": "Sarwent Malware Continues to Evolve With Updated Command Functions", "value": "vertuozoff.club"}
{"name": "Sarwent Malware Continues to Evolve With Updated Command Functions", "value": "terobolt.xyz"}
{"name": "Sarwent Malware Continues to Evolve With Updated Command Functions", "value": "tebbolt.xyz"}
{"name": "Sarwent Malware Continues to Evolve With Updated Command Functions", "value": "rubbolt.xyz"}
{"name": "Sarwent Malware Continues to Evolve With Updated Command Functions", "value": "vertuozoff.xyz"}
{"name": "Sarwent Malware Continues to Evolve With Updated Command Functions", "value": "vertuozoffff.club"}
{"name": "Sarwent Malware Continues to Evolve With Updated Command Functions", "value": "seoanalyticsp34roj.xyz"}
{"name": "Sarwent Malware Continues to Evolve With Updated Command Functions", "value": "blognews-joural.info"}
{"name": "Sarwent Malware Continues to Evolve With Updated Command Functions", "value": "seoanalyticsprojrts.xyz"}
{"name": "Sarwent Malware Continues to Evolve With Updated Command Functions", "value": "vertuozofff.xyz"}
{"name": "Sarwent Malware Continues to Evolve With Updated Command Functions", "value": "rubbot.xyz"}
{"name": "Sarwent Malware Continues to Evolve With Updated Command Functions", "value": "vertuozofff.club"}
{"name": "Sarwent Malware Continues to Evolve With Updated Command Functions", "value": "shopstoregamese.icu"}
{"name": "Sarwent Malware Continues to Evolve With Updated Command Functions", "value": "softfaremiks.icu"}
{"name": "Sarwent Malware Continues to Evolve With Updated Command Functions", "value": "shopstoregames.icu"}
{"name": "Sarwent Malware Continues to Evolve With Updated Command Functions", "value": "startprojekt.pw"}
{"name": "Sarwent Malware Continues to Evolve With Updated Command Functions", "value": "treawot.xyz"}
{"name": "Sarwent Malware Continues to Evolve With Updated Command Functions", "value": "seoanalyticsproj.xyz"}
{"name": "Sarwent Malware Continues to Evolve With Updated Command Functions", "value": "whatsmyhomeworthlondonontario.ca"}
{"name": "Sarwent Malware Continues to Evolve With Updated Command Functions", "value": "shopstoregame.icu"}
{"name": "Sarwent Malware Continues to Evolve With Updated Command Functions", "value": "startprojekt.pro"}
{"name": "Sarwent Malware Continues to Evolve With Updated Command Functions", "value": "shopstoregamese.com"}
{"name": "Sarwent Malware Continues to Evolve With Updated Command Functions", "value": "seoanalyticspro32frghyj.xyz"}
{"name": "Sarwent Malware Continues to Evolve With Updated Command Functions", "value": "seoanalyticsptyrroj.xyz"}
{"name": "Sarwent Malware Continues to Evolve With Updated Command Functions", "value": "blognews-joural.com"}
{"name": "Sarwent Malware Continues to Evolve With Updated Command Functions", "value": "vertuozofff.com"}
{"name": "Sarwent Malware Continues to Evolve With Updated Command Functions", "value": "blognews-journal.com"}
{"name": "Sarwent Malware Continues to Evolve With Updated Command Functions", "value": "beurbn.com"}
{"name": "Sarwent Malware Continues to Evolve With Updated Command Functions", "value": "seoanalyticsproewj.xyz"}
{"name": "Sarwent Malware Continues to Evolve With Updated Command Functions", "value": "rabbot.xyz"}
{"name": "Sarwent Malware Continues to Evolve With Updated Command Functions", "value": "blognews-joural.best"}
{"name": "Analyzing Dark Crystal RAT, a C# backdoor", "value": "dcrat.ru"}
{"name": "Analyzing Dark Crystal RAT, a C# backdoor", "value": "domalo.online"}
{"name": "LOLSnif \u2013 Tracking Another Ursnif-Based Targeted Campaign", "value": "6buzj3jmnvrak4lh.onion"}
{"name": "LOLSnif \u2013 Tracking Another Ursnif-Based Targeted Campaign", "value": "lamanak.at"}
{"name": "LOLSnif \u2013 Tracking Another Ursnif-Based Targeted Campaign", "value": "wensa.at"}
{"name": "LOLSnif \u2013 Tracking Another Ursnif-Based Targeted Campaign", "value": "kamalak.at"}
{"name": "LOLSnif \u2013 Tracking Another Ursnif-Based Targeted Campaign", "value": "pipen.at"}
{"name": "LOLSnif \u2013 Tracking Another Ursnif-Based Targeted Campaign", "value": "l35sr5h5jl7xrh2q.onion"}
{"name": "LOLSnif \u2013 Tracking Another Ursnif-Based Targeted Campaign", "value": "g4xp7aanksu6qgci.onion"}
{"name": "LOLSnif \u2013 Tracking Another Ursnif-Based Targeted Campaign", "value": "mobify.at"}
{"name": "Mirai and Hoaxcalls Botnets Target Legacy Symantec Web Gateways", "value": "qweqwe.com"}
{"name": "Mirai and Hoaxcalls Botnets Target Legacy Symantec Web Gateways", "value": "plexle.us"}
{"name": "Uprooting Mandrake: The Story of an Advanced Android Spyware Framework That Went Undetected for 4 Years", "value": "xjkbhysexthnpl.top"}
{"name": "Uprooting Mandrake: The Story of an Advanced Android Spyware Framework That Went Undetected for 4 Years", "value": "androidfirmware.cc"}
{"name": "Uprooting Mandrake: The Story of an Advanced Android Spyware Framework That Went Undetected for 4 Years", "value": "livingstream.mobi"}
{"name": "Uprooting Mandrake: The Story of an Advanced Android Spyware Framework That Went Undetected for 4 Years", "value": "android-soft.top"}
{"name": "Uprooting Mandrake: The Story of an Advanced Android Spyware Framework That Went Undetected for 4 Years", "value": "androidfirmware.ca"}
{"name": "Uprooting Mandrake: The Story of an Advanced Android Spyware Framework That Went Undetected for 4 Years", "value": "nfmmlrkagflemt.top"}
{"name": "Uprooting Mandrake: The Story of an Advanced Android Spyware Framework That Went Undetected for 4 Years", "value": "androidfrimware.com"}
{"name": "Uprooting Mandrake: The Story of an Advanced Android Spyware Framework That Went Undetected for 4 Years", "value": "androidfirmware.ir"}
{"name": "Uprooting Mandrake: The Story of an Advanced Android Spyware Framework That Went Undetected for 4 Years", "value": "androidfirmware.top"}
{"name": "Uprooting Mandrake: The Story of an Advanced Android Spyware Framework That Went Undetected for 4 Years", "value": "rendfiles.top"}
{"name": "RATicate Malspam Campaigns", "value": "hypnose-beziers.com"}
{"name": "RATicate Malspam Campaigns", "value": "pitchstak.ga"}
{"name": "RATicate Malspam Campaigns", "value": "stngpetty.ga"}
{"name": "RATicate Malspam Campaigns", "value": "allenservice.ga"}
{"name": "RATicate Malspam Campaigns", "value": "yncits89.com"}
{"name": "RATicate Malspam Campaigns", "value": "miscov.com"}
{"name": "RATicate Malspam Campaigns", "value": "negrodesigns.ga"}
{"name": "RATicate Malspam Campaigns", "value": "pizzans.com"}
{"name": "RATicate Malspam Campaigns", "value": "skylod.com"}
{"name": "RATicate Malspam Campaigns", "value": "bywebhost.com"}
{"name": "RATicate Malspam Campaigns", "value": "gelcursot.top"}
{"name": "RATicate Malspam Campaigns", "value": "coxemen.com"}
{"name": "RATicate Malspam Campaigns", "value": "sofisleep.com"}
{"name": "RATicate Malspam Campaigns", "value": "yamatobb.com"}
{"name": "RATicate Malspam Campaigns", "value": "jinshasoft.com"}
{"name": "RATicate Malspam Campaigns", "value": "lighthouse-campus24.com"}
{"name": "RATicate Malspam Campaigns", "value": "phochain.com"}
{"name": "RATicate Malspam Campaigns", "value": "czxpkj.com"}
{"name": "RATicate Malspam Campaigns", "value": "terenium.com"}
{"name": "RATicate Malspam Campaigns", "value": "oleum.gmbh"}
{"name": "RATicate Malspam Campaigns", "value": "conrak.net"}
{"name": "RATicate Malspam Campaigns", "value": "ef-oh.com"}
{"name": "RATicate Malspam Campaigns", "value": "dachfix.com"}
{"name": "RATicate Malspam Campaigns", "value": "jevmod.com"}
{"name": "RATicate Malspam Campaigns", "value": "hearee.com"}
{"name": "RATicate Malspam Campaigns", "value": "pupilfy.com"}
{"name": "RATicate Malspam Campaigns", "value": "webxpo.ga"}
{"name": "RATicate Malspam Campaigns", "value": "odoyo.net"}
{"name": "RATicate Malspam Campaigns", "value": "hsctsu.com"}
{"name": "RATicate Malspam Campaigns", "value": "slashoff.com"}
{"name": "RATicate Malspam Campaigns", "value": "binzom.com"}
{"name": "RATicate Malspam Campaigns", "value": "cbespania.info"}
{"name": "RATicate Malspam Campaigns", "value": "ratokasutka.com"}
{"name": "RATicate Malspam Campaigns", "value": "vibe.restaurant"}
{"name": "RATicate Malspam Campaigns", "value": "tellpizzqhut.com"}
{"name": "RATicate Malspam Campaigns", "value": "rdrfi.com"}
{"name": "Mikroceen: Spying backdoor leveraged in high-profile networks in Central Asia", "value": "9hnvb8917gzr.com"}
{"name": "Mikroceen: Spying backdoor leveraged in high-profile networks in Central Asia", "value": "offcialwrittencomplaint.com"}
{"name": "Mikroceen: Spying backdoor leveraged in high-profile networks in Central Asia", "value": "future-hope2011.com"}
{"name": "SilverTerrier: New COVID-19 Themed Business Email Compromise Schemes", "value": "hokokk.com"}
{"name": "SilverTerrier: New COVID-19 Themed Business Email Compromise Schemes", "value": "coffiices.com"}
{"name": "SilverTerrier: New COVID-19 Themed Business Email Compromise Schemes", "value": "modcloudserver.eu"}
{"name": "SilverTerrier: New COVID-19 Themed Business Email Compromise Schemes", "value": "petroindonesia.co.id"}
{"name": "SilverTerrier: New COVID-19 Themed Business Email Compromise Schemes", "value": "goldhhofer.com"}
{"name": "SilverTerrier: New COVID-19 Themed Business Email Compromise Schemes", "value": "posqit.net"}
{"name": "SilverTerrier: New COVID-19 Themed Business Email Compromise Schemes", "value": "goldenlion.sg"}
{"name": "SilverTerrier: New COVID-19 Themed Business Email Compromise Schemes", "value": "academydea.com"}
{"name": "SilverTerrier: New COVID-19 Themed Business Email Compromise Schemes", "value": "reynoldsgh.com"}
{"name": "SilverTerrier: New COVID-19 Themed Business Email Compromise Schemes", "value": "mecharnise.ir"}
{"name": "SilverTerrier: New COVID-19 Themed Business Email Compromise Schemes", "value": "hojokk.com"}
{"name": "SilverTerrier: New COVID-19 Themed Business Email Compromise Schemes", "value": "uzoclouds.eu"}
{"name": "SilverTerrier: New COVID-19 Themed Business Email Compromise Schemes", "value": "welheadcontrol.com"}
{"name": "SilverTerrier: New COVID-19 Themed Business Email Compromise Schemes", "value": "mikeservers.eu"}
{"name": "SilverTerrier: New COVID-19 Themed Business Email Compromise Schemes", "value": "sylvaclouds.eu"}
{"name": "SilverTerrier: New COVID-19 Themed Business Email Compromise Schemes", "value": "goldlion.sg"}
{"name": "North Korean Malicious Cyber Activity - CISA Alert", "value": "apshenyihl.com"}
{"name": "North Korean Malicious Cyber Activity - CISA Alert", "value": "rhythm86.com"}
{"name": "North Korean Malicious Cyber Activity - CISA Alert", "value": "rxrenew.us"}
{"name": "North Korean Malicious Cyber Activity - CISA Alert", "value": "stokeinvestor.com"}
{"name": "North Korean Malicious Cyber Activity - CISA Alert", "value": "eygingenieros.com"}
{"name": "North Korean Malicious Cyber Activity - CISA Alert", "value": "theinspectionconsultant.com"}
{"name": "North Korean Malicious Cyber Activity - CISA Alert", "value": "92myhw.com"}
{"name": "North Korean Malicious Cyber Activity - CISA Alert", "value": "sensationalsecrets.com"}
{"name": "North Korean Malicious Cyber Activity - CISA Alert", "value": "danagloverinteriors.com"}
{"name": "North Korean Malicious Cyber Activity - CISA Alert", "value": "castorbyg.dk"}
{"name": "North Korean Malicious Cyber Activity - CISA Alert", "value": "919xy.com"}
{"name": "North Korean Malicious Cyber Activity - CISA Alert", "value": "aloe-china.com"}
{"name": "North Korean Malicious Cyber Activity - CISA Alert", "value": "ap8898.com"}
{"name": "North Korean Malicious Cyber Activity - CISA Alert", "value": "3x-tv.com"}
{"name": "North Korean Malicious Cyber Activity - CISA Alert", "value": "97nb.net"}
{"name": "North Korean Malicious Cyber Activity - CISA Alert", "value": "33cow.com"}
{"name": "North Korean Malicious Cyber Activity - CISA Alert", "value": "matthias-dlugi.de"}
{"name": "North Korean Malicious Cyber Activity - CISA Alert", "value": "aisou123.com"}
{"name": "North Korean Malicious Cyber Activity - CISA Alert", "value": "51shousheng.com"}
{"name": "North Korean Malicious Cyber Activity - CISA Alert", "value": "530hr.com"}
{"name": "North Korean Malicious Cyber Activity - CISA Alert", "value": "anlway.com"}
{"name": "North Korean Malicious Cyber Activity - CISA Alert", "value": "streamf.ru"}
{"name": "North Korean Malicious Cyber Activity - CISA Alert", "value": "vinhsake.com"}
{"name": "North Korean Malicious Cyber Activity - CISA Alert", "value": "duratransgroup.com"}
{"name": "North Korean Malicious Cyber Activity - CISA Alert", "value": "creativefishstudio.com"}
{"name": "North Korean Malicious Cyber Activity - CISA Alert", "value": "nuokejs.com"}
{"name": "North Korean Malicious Cyber Activity - CISA Alert", "value": "bogorcenter.com"}
{"name": "North Korean Malicious Cyber Activity - CISA Alert", "value": "168wangpi.com"}
{"name": "North Korean Malicious Cyber Activity - CISA Alert", "value": "pakteb.com"}
{"name": "North Korean Malicious Cyber Activity - CISA Alert", "value": "aurumgroup.co.id"}
{"name": "North Korean Malicious Cyber Activity - CISA Alert", "value": "marmarademo.com"}
{"name": "North Korean Malicious Cyber Activity - CISA Alert", "value": "markcoprintandcopy.com"}
{"name": "North Korean Malicious Cyber Activity - CISA Alert", "value": "qdbazaar.com"}
{"name": "North Korean Malicious Cyber Activity - CISA Alert", "value": "locphuland.com"}
{"name": "North Korean Malicious Cyber Activity - CISA Alert", "value": "as-brant.ru"}
{"name": "North Korean Malicious Cyber Activity - CISA Alert", "value": "growthincone.com"}
{"name": "North Korean Malicious Cyber Activity - CISA Alert", "value": "aedlifepower.com"}
{"name": "North Korean Malicious Cyber Activity - CISA Alert", "value": "028xmz.com"}
{"name": "North Korean Malicious Cyber Activity - CISA Alert", "value": "inverstingpurpose.com"}
{"name": "North Korean Malicious Cyber Activity - CISA Alert", "value": "cabba-cacao.com"}
{"name": "Updated BackConfig Malware Targeting Government and Military Organizations in South Asia", "value": "matissues.com"}
{"name": "Updated BackConfig Malware Targeting Government and Military Organizations in South Asia", "value": "linkrequest.live"}
{"name": "\"Outlaw\" Botnet Analysis", "value": "debian-package.center"}
{"name": "Astaroth - Analysis Reveals Dark Stealer", "value": "xjpmorganx.app"}
{"name": "Astaroth - Analysis Reveals Dark Stealer", "value": "xsbuqy.tk"}
{"name": "Astaroth - Analysis Reveals Dark Stealer", "value": "billgates.app"}
{"name": "Astaroth - Analysis Reveals Dark Stealer", "value": "xsarb.cf"}
{"name": "Astaroth - Analysis Reveals Dark Stealer", "value": "edmondhalley.app"}
{"name": "Astaroth - Analysis Reveals Dark Stealer", "value": "venumxmasz.club"}
{"name": "Astaroth - Analysis Reveals Dark Stealer", "value": "stevejobsiphone.app"}
{"name": "Astaroth - Analysis Reveals Dark Stealer", "value": "k8cf0j5u.cf"}
{"name": "Astaroth - Analysis Reveals Dark Stealer", "value": "jgttg.cf"}
{"name": "Astaroth - Analysis Reveals Dark Stealer", "value": "gfhh.space"}
{"name": "Astaroth - Analysis Reveals Dark Stealer", "value": "vcsczxsa.ga"}
{"name": "Astaroth - Analysis Reveals Dark Stealer", "value": "xxapocalipsexx.space"}
{"name": "Astaroth - Analysis Reveals Dark Stealer", "value": "accountinformation.buzz"}
{"name": "Astaroth - Analysis Reveals Dark Stealer", "value": "nfiru.monster"}
{"name": "Astaroth - Analysis Reveals Dark Stealer", "value": "vdfrt.ml"}
{"name": "Astaroth - Analysis Reveals Dark Stealer", "value": "wb60ycll.ml"}
{"name": "Astaroth - Analysis Reveals Dark Stealer", "value": "naovemdegarfonasopa.app"}
{"name": "Astaroth - Analysis Reveals Dark Stealer", "value": "fiscal.monster"}
{"name": "Astaroth - Analysis Reveals Dark Stealer", "value": "nfiru.buzz"}
{"name": "Astaroth - Analysis Reveals Dark Stealer", "value": "vannisteroy.cf"}
{"name": "Astaroth - Analysis Reveals Dark Stealer", "value": "ertr.space"}
{"name": "Astaroth - Analysis Reveals Dark Stealer", "value": "vfevg.tk"}
{"name": "Astaroth - Analysis Reveals Dark Stealer", "value": "gestaodenegocios.monster"}
{"name": "Astaroth - Analysis Reveals Dark Stealer", "value": "cmfot.ml"}
{"name": "Astaroth - Analysis Reveals Dark Stealer", "value": "topglassfull.tk"}
{"name": "Astaroth - Analysis Reveals Dark Stealer", "value": "velhocego.app"}
{"name": "Astaroth - Analysis Reveals Dark Stealer", "value": "theitchjasmine.online"}
{"name": "Astaroth - Analysis Reveals Dark Stealer", "value": "fatura.tech"}
{"name": "Astaroth - Analysis Reveals Dark Stealer", "value": "iurigagarin.app"}
{"name": "Astaroth - Analysis Reveals Dark Stealer", "value": "yi7qlaice.cf"}
{"name": "Astaroth - Analysis Reveals Dark Stealer", "value": "amandafix.tech"}
{"name": "Astaroth - Analysis Reveals Dark Stealer", "value": "fheyo.ga"}
{"name": "Astaroth - Analysis Reveals Dark Stealer", "value": "hidrosolar.space"}
{"name": "Astaroth - Analysis Reveals Dark Stealer", "value": "hmf8qij2.gq"}
{"name": "Astaroth - Analysis Reveals Dark Stealer", "value": "deliciousprime.cf"}
{"name": "Astaroth - Analysis Reveals Dark Stealer", "value": "vandisillusioned.casa"}
{"name": "Astaroth - Analysis Reveals Dark Stealer", "value": "winningeleven3.re"}
{"name": "Astaroth - Analysis Reveals Dark Stealer", "value": "84m4bl423.space"}
{"name": "Astaroth - Analysis Reveals Dark Stealer", "value": "nfiru.site"}
{"name": "Astaroth - Analysis Reveals Dark Stealer", "value": "ms78.site"}
{"name": "Astaroth - Analysis Reveals Dark Stealer", "value": "asth.app"}
{"name": "Astaroth - Analysis Reveals Dark Stealer", "value": "bffr.space"}
{"name": "Astaroth - Analysis Reveals Dark Stealer", "value": "uiofcikttzxnz.ml"}
{"name": "Astaroth - Analysis Reveals Dark Stealer", "value": "ktms13gb.ga"}
{"name": "Astaroth - Analysis Reveals Dark Stealer", "value": "xczsrg.cf"}
{"name": "Astaroth - Analysis Reveals Dark Stealer", "value": "oktrabalhox021.ml"}
{"name": "Astaroth - Analysis Reveals Dark Stealer", "value": "vgfcn.ml"}
{"name": "Astaroth - Analysis Reveals Dark Stealer", "value": "p6nkq.ml"}
{"name": "Astaroth - Analysis Reveals Dark Stealer", "value": "gtasanandres.tk"}
{"name": "Astaroth - Analysis Reveals Dark Stealer", "value": "coragem.cf"}
{"name": "Astaroth - Analysis Reveals Dark Stealer", "value": "fatalerror.cf"}
{"name": "Astaroth - Analysis Reveals Dark Stealer", "value": "jardimboty.com"}
{"name": "Astaroth - Analysis Reveals Dark Stealer", "value": "anitagaribaldi.app"}
{"name": "Astaroth - Analysis Reveals Dark Stealer", "value": "salvadorddalii.app"}
{"name": "Astaroth - Analysis Reveals Dark Stealer", "value": "baixinho11.cf"}
{"name": "Astaroth - Analysis Reveals Dark Stealer", "value": "tipvine.site"}
{"name": "Astaroth - Analysis Reveals Dark Stealer", "value": "anexo.monster"}
{"name": "Astaroth - Analysis Reveals Dark Stealer", "value": "r4uamrr7fueez.ga"}
{"name": "Astaroth - Analysis Reveals Dark Stealer", "value": "xyzsystemads.cf"}
{"name": "Astaroth - Analysis Reveals Dark Stealer", "value": "systemadminister.institute"}
{"name": "Astaroth - Analysis Reveals Dark Stealer", "value": "monalisapicture.app"}
{"name": "Astaroth - Analysis Reveals Dark Stealer", "value": "c3v4b5n6m7j89i.tk"}
{"name": "Astaroth - Analysis Reveals Dark Stealer", "value": "nyjur.tk"}
{"name": "Astaroth - Analysis Reveals Dark Stealer", "value": "namokwow.gq"}
{"name": "Astaroth - Analysis Reveals Dark Stealer", "value": "newriderbrs.ml"}
{"name": "Astaroth - Analysis Reveals Dark Stealer", "value": "newriderbrs.tk"}
{"name": "Astaroth - Analysis Reveals Dark Stealer", "value": "proevolution.ml"}
{"name": "Astaroth - Analysis Reveals Dark Stealer", "value": "p6nkq.ga"}
{"name": "Astaroth - Analysis Reveals Dark Stealer", "value": "seuamor.xyz"}
{"name": "Astaroth - Analysis Reveals Dark Stealer", "value": "salko.gq"}
{"name": "Astaroth - Analysis Reveals Dark Stealer", "value": "evokgtis.gq"}
{"name": "Astaroth - Analysis Reveals Dark Stealer", "value": "r4uamrr7fueez.cf"}
{"name": "Astaroth - Analysis Reveals Dark Stealer", "value": "vanexchange.online"}
{"name": "Astaroth - Analysis Reveals Dark Stealer", "value": "zmalkd.tk"}
{"name": "Astaroth - Analysis Reveals Dark Stealer", "value": "p6nkq.tk"}
{"name": "Astaroth - Analysis Reveals Dark Stealer", "value": "gautamabuddhaa.app"}
{"name": "Astaroth - Analysis Reveals Dark Stealer", "value": "bvijuoi.ml"}
{"name": "Astaroth - Analysis Reveals Dark Stealer", "value": "compradigital.tech"}
{"name": "Astaroth - Analysis Reveals Dark Stealer", "value": "021oiyzis.ml"}
{"name": "Astaroth - Analysis Reveals Dark Stealer", "value": "accountt.download"}
{"name": "Astaroth - Analysis Reveals Dark Stealer", "value": "zasdfer.ga"}
{"name": "Astaroth - Analysis Reveals Dark Stealer", "value": "financeiroltda.golf"}
{"name": "Astaroth - Analysis Reveals Dark Stealer", "value": "ljkmaa.ga"}
{"name": "Astaroth - Analysis Reveals Dark Stealer", "value": "ms78.online"}
{"name": "Astaroth - Analysis Reveals Dark Stealer", "value": "operacional2019.services"}
{"name": "Astaroth - Analysis Reveals Dark Stealer", "value": "zasdfer.gq"}
{"name": "Astaroth - Analysis Reveals Dark Stealer", "value": "bvgtt5.gq"}
{"name": "Astaroth - Analysis Reveals Dark Stealer", "value": "grvyj.ml"}
{"name": "Astaroth - Analysis Reveals Dark Stealer", "value": "therockefeller.app"}
{"name": "Astaroth - Analysis Reveals Dark Stealer", "value": "projetovigoroustein.host"}
{"name": "Astaroth - Analysis Reveals Dark Stealer", "value": "kwamenkrumah.app"}
{"name": "Astaroth - Analysis Reveals Dark Stealer", "value": "louispasteur.app"}
{"name": "Astaroth - Analysis Reveals Dark Stealer", "value": "nfiru.xyz"}
{"name": "Astaroth - Analysis Reveals Dark Stealer", "value": "1f5tunhpi.ml"}
{"name": "Astaroth - Analysis Reveals Dark Stealer", "value": "nhgj.ml"}
{"name": "Astaroth - Analysis Reveals Dark Stealer", "value": "nfiru.website"}
{"name": "Astaroth - Analysis Reveals Dark Stealer", "value": "karlmarxx.app"}
{"name": "Astaroth - Analysis Reveals Dark Stealer", "value": "kaligodfrey.casa"}
{"name": "Astaroth - Analysis Reveals Dark Stealer", "value": "blogchief.tk"}
{"name": "Astaroth - Analysis Reveals Dark Stealer", "value": "cbryt.buzz"}
{"name": "Astaroth - Analysis Reveals Dark Stealer", "value": "coppernote.tech"}
{"name": "Astaroth - Analysis Reveals Dark Stealer", "value": "natfgt.gq"}
{"name": "Astaroth - Analysis Reveals Dark Stealer", "value": "7ymboe33m.cf"}
{"name": "Astaroth - Analysis Reveals Dark Stealer", "value": "osieofcorizon.fun"}
{"name": "Astaroth - Analysis Reveals Dark Stealer", "value": "brigaderua.ml"}
{"name": "Astaroth - Analysis Reveals Dark Stealer", "value": "driverss.tk"}
{"name": "Astaroth - Analysis Reveals Dark Stealer", "value": "896pc6x93.gq"}
{"name": "Astaroth - Analysis Reveals Dark Stealer", "value": "vitalicious.tk"}
{"name": "Astaroth - Analysis Reveals Dark Stealer", "value": "movcr.ml"}
{"name": "Astaroth - Analysis Reveals Dark Stealer", "value": "xsvgcf.cf"}
{"name": "Astaroth - Analysis Reveals Dark Stealer", "value": "pitagoras.app"}
{"name": "Astaroth - Analysis Reveals Dark Stealer", "value": "gerenteempresarial.voyage"}
{"name": "Astaroth - Analysis Reveals Dark Stealer", "value": "costelinha.tk"}
{"name": "Astaroth - Analysis Reveals Dark Stealer", "value": "nghny.tk"}
{"name": "Astaroth - Analysis Reveals Dark Stealer", "value": "objectstream.ga"}
{"name": "Astaroth - Analysis Reveals Dark Stealer", "value": "nz5heahrw4dchm4wgp.ml"}
{"name": "Astaroth - Analysis Reveals Dark Stealer", "value": "fanaticallao.site"}
{"name": "Astaroth - Analysis Reveals Dark Stealer", "value": "mnjkol.gq"}
{"name": "Astaroth - Analysis Reveals Dark Stealer", "value": "bifrostsr8.app"}
{"name": "Astaroth - Analysis Reveals Dark Stealer", "value": "bubbaoff.press"}
{"name": "Astaroth - Analysis Reveals Dark Stealer", "value": "solfrio.tech"}
{"name": "Astaroth - Analysis Reveals Dark Stealer", "value": "vc0038oti94ikr954.ml"}
{"name": "Astaroth - Analysis Reveals Dark Stealer", "value": "a01mt584zk32sw1.ml"}
{"name": "Astaroth - Analysis Reveals Dark Stealer", "value": "juisama5.tk"}
{"name": "Astaroth - Analysis Reveals Dark Stealer", "value": "fhff.space"}
{"name": "Astaroth - Analysis Reveals Dark Stealer", "value": "carnegiemonster.app"}
{"name": "Astaroth - Analysis Reveals Dark Stealer", "value": "81rc4uw1b4roh99dmn.cf"}
{"name": "Astaroth - Analysis Reveals Dark Stealer", "value": "simmonitor.gq"}
{"name": "Astaroth - Analysis Reveals Dark Stealer", "value": "hyhfv.ml"}
{"name": "Astaroth - Analysis Reveals Dark Stealer", "value": "xwcrfcv.ga"}
{"name": "Astaroth - Analysis Reveals Dark Stealer", "value": "dougfunnie.cf"}
{"name": "Astaroth - Analysis Reveals Dark Stealer", "value": "7zip.golf"}
{"name": "Astaroth - Analysis Reveals Dark Stealer", "value": "amandafix.space"}
{"name": "Astaroth - Analysis Reveals Dark Stealer", "value": "jghkju.ml"}
{"name": "Astaroth - Analysis Reveals Dark Stealer", "value": "6zs1njbw.ml"}
{"name": "Astaroth - Analysis Reveals Dark Stealer", "value": "hko1yucr.ga"}
{"name": "Astaroth - Analysis Reveals Dark Stealer", "value": "henryford.app"}
{"name": "Astaroth - Analysis Reveals Dark Stealer", "value": "jpz9w9yw7.ga"}
{"name": "Astaroth - Analysis Reveals Dark Stealer", "value": "seuamor.online"}
{"name": "Astaroth - Analysis Reveals Dark Stealer", "value": "fheyo.ml"}
{"name": "Astaroth - Analysis Reveals Dark Stealer", "value": "fenomeno.gq"}
{"name": "Astaroth - Analysis Reveals Dark Stealer", "value": "kixmgxjxz.ga"}
{"name": "Astaroth - Analysis Reveals Dark Stealer", "value": "g4cpq4xcz.ml"}
{"name": "Astaroth - Analysis Reveals Dark Stealer", "value": "gkz9877oj.gq"}
{"name": "Astaroth - Analysis Reveals Dark Stealer", "value": "bnghjh.ml"}
{"name": "Astaroth - Analysis Reveals Dark Stealer", "value": "gdfcd.cf"}
{"name": "Astaroth - Analysis Reveals Dark Stealer", "value": "adollfhitler.app"}
{"name": "Astaroth - Analysis Reveals Dark Stealer", "value": "88zpv47nuh09wq7.ml"}
{"name": "Astaroth - Analysis Reveals Dark Stealer", "value": "megaurbia.space"}
{"name": "Astaroth - Analysis Reveals Dark Stealer", "value": "batigol.ga"}
{"name": "Astaroth - Analysis Reveals Dark Stealer", "value": "vengefulsama.site"}
{"name": "Astaroth - Analysis Reveals Dark Stealer", "value": "bghyh.cf"}
{"name": "Astaroth - Analysis Reveals Dark Stealer", "value": "enrols.ga"}
{"name": "Astaroth - Analysis Reveals Dark Stealer", "value": "plussizeafter.gq"}
{"name": "Poulight Stealer, a new Comprehensive Stealer from Russia", "value": "poullight.ru"}
{"name": "Naikon APT Campaign Targeting Governments in APAC", "value": "wdrfjkg129.com"}
{"name": "Naikon APT Campaign Targeting Governments in APAC", "value": "n91t78dxr3.com"}
{"name": "Naikon APT Campaign Targeting Governments in APAC", "value": "mon-enews.com"}
{"name": "Naikon APT Campaign Targeting Governments in APAC", "value": "kyawtun119.com"}
{"name": "Naikon APT Campaign Targeting Governments in APAC", "value": "dathktdga.com"}
{"name": "Loki Info Stealer Propagates through LZH Files", "value": "retrak.co.ke"}
{"name": "Compromised WordPress Sites Distribute Adwind RAT", "value": "thaivictory.co.th"}
{"name": "Compromised WordPress Sites Distribute Adwind RAT", "value": "feylibertad.org"}
{"name": "Compromised WordPress Sites Distribute Adwind RAT", "value": "jeddahcrumbly.com"}
{"name": "Compromised WordPress Sites Distribute Adwind RAT", "value": "cherryemoore.com"}
{"name": "Compromised WordPress Sites Distribute Adwind RAT", "value": "thediscoveryrun.com"}
{"name": "Compromised WordPress Sites Distribute Adwind RAT", "value": "haus-pesjak.at"}
{"name": "Compromised WordPress Sites Distribute Adwind RAT", "value": "mahalowood.com"}
{"name": "Compromised WordPress Sites Distribute Adwind RAT", "value": "teddyshatsworld.pl"}
{"name": "PhantomLance Android Malware Campaign", "value": "game2015.net"}
{"name": "PhantomLance Android Malware Campaign", "value": "download.com.vn"}
{"name": "PhantomLance Android Malware Campaign", "value": "cerisecaird.com"}
{"name": "PhantomLance Android Malware Campaign", "value": "browsersyn.com"}
{"name": "PhantomLance Android Malware Campaign", "value": "bulknewsexpress.news"}
{"name": "PhantomLance Android Malware Campaign", "value": "taiphanmemfacebookmoi.info"}
{"name": "New BazarLoader / BazarBackdoor from the Trickbot gang", "value": "newgame.bazar"}
{"name": "New BazarLoader / BazarBackdoor from the Trickbot gang", "value": "thegame.bazar"}
{"name": "New BazarLoader / BazarBackdoor from the Trickbot gang", "value": "tallcareful.bazar"}
{"name": "New BazarLoader / BazarBackdoor from the Trickbot gang", "value": "realfish.bazar"}
{"name": "New BazarLoader / BazarBackdoor from the Trickbot gang", "value": "bestgame.bazar"}
{"name": "New BazarLoader / BazarBackdoor from the Trickbot gang", "value": "forgame.bazar"}
{"name": "New BazarLoader / BazarBackdoor from the Trickbot gang", "value": "portgame.bazar"}
{"name": "New BazarLoader / BazarBackdoor from the Trickbot gang", "value": "eventmoult.bazar"}
{"name": "New BazarLoader / BazarBackdoor from the Trickbot gang", "value": "coastdeny.bazar"}
{"name": "New BazarLoader / BazarBackdoor from the Trickbot gang", "value": "workrepair.bazar"}
{"name": "\u201cAsnar\u00f6k\u201d Trojan targets firewalls", "value": "updatefileservercross.com"}
{"name": "\u201cAsnar\u00f6k\u201d Trojan targets firewalls", "value": "sophosfirewallupdate.com"}
{"name": "\u201cAsnar\u00f6k\u201d Trojan targets firewalls", "value": "filedownloaderservers.com"}
{"name": "\u201cAsnar\u00f6k\u201d Trojan targets firewalls", "value": "sophostraining.org"}
{"name": "\u201cAsnar\u00f6k\u201d Trojan targets firewalls", "value": "ragnarokfromasgard.com"}
{"name": "\u201cAsnar\u00f6k\u201d Trojan targets firewalls", "value": "sophosproductupdate.com"}
{"name": "\u201cAsnar\u00f6k\u201d Trojan targets firewalls", "value": "filedownloaderserver.com"}
{"name": "\u201cAsnar\u00f6k\u201d Trojan targets firewalls", "value": "sophoswarehouse.com"}
{"name": "\u201cAsnar\u00f6k\u201d Trojan targets firewalls", "value": "sophosenterprisecenter.com"}
{"name": "\u201cAsnar\u00f6k\u201d Trojan targets firewalls", "value": "filedownloaderserverx.com"}
{"name": "The LeetHozer botnet", "value": "vbrxmrhrjnnouvjf.onion"}
{"name": "The LeetHozer botnet", "value": "w6gr2jqz3eag4ksi.onion"}
{"name": "Cybercriminals Prey on the COVID-19 Pandemic", "value": "anticovid19-pharmacy.com"}
{"name": "Cybercriminals Prey on the COVID-19 Pandemic", "value": "coronavirus-latest-update.info"}
{"name": "Cybercriminals Prey on the COVID-19 Pandemic", "value": "rxcovid.com"}
{"name": "Cybercriminals Prey on the COVID-19 Pandemic", "value": "coronavirus-com.info"}
{"name": "Cybercriminals Prey on the COVID-19 Pandemic", "value": "covid19-remedy.com"}
{"name": "Cybercriminals Prey on the COVID-19 Pandemic", "value": "sharkroulette.com"}
{"name": "Cybercriminals Prey on the COVID-19 Pandemic", "value": "selectsanitizer.com"}
{"name": "Cybercriminals Prey on the COVID-19 Pandemic", "value": "facemasksus.com"}
{"name": "Cybercriminals Prey on the COVID-19 Pandemic", "value": "internet-covid19.xyz"}
{"name": "Cybercriminals Prey on the COVID-19 Pandemic", "value": "surgicalfacemaskpharmacyonline.com"}
{"name": "Cybercriminals Prey on the COVID-19 Pandemic", "value": "coronavirusaware.xyz"}
{"name": "Cybercriminals Prey on the COVID-19 Pandemic", "value": "corona-masr21.com"}
{"name": "Cybercriminals Prey on the COVID-19 Pandemic", "value": "allsurgicalfacemask.com"}
{"name": "Cybercriminals Prey on the COVID-19 Pandemic", "value": "survivecoronavirus.org"}
{"name": "Cybercriminals Prey on the COVID-19 Pandemic", "value": "covid19center.online"}
{"name": "Cybercriminals Prey on the COVID-19 Pandemic", "value": "coronavirussecrets.com"}
{"name": "Cybercriminals Prey on the COVID-19 Pandemic", "value": "corona-masr3.com"}
{"name": "Cybercriminals Prey on the COVID-19 Pandemic", "value": "pandemic-survival-coronavirus.com"}
{"name": "Cybercriminals Prey on the COVID-19 Pandemic", "value": "corona-virusus.com"}
{"name": "Cybercriminals Prey on the COVID-19 Pandemic", "value": "coronavirusinrealtime.com"}
{"name": "Cybercriminals Prey on the COVID-19 Pandemic", "value": "coronamasksupply.com"}
{"name": "Cybercriminals Prey on the COVID-19 Pandemic", "value": "coronashirts.store"}
{"name": "Cybercriminals Prey on the COVID-19 Pandemic", "value": "covidwhereandhow.xyz"}
{"name": "Cybercriminals Prey on the COVID-19 Pandemic", "value": "corona-virusapps.com"}
{"name": "Cybercriminals Prey on the COVID-19 Pandemic", "value": "covid-19-gov.com"}
{"name": "Cybercriminals Prey on the COVID-19 Pandemic", "value": "coronavirusstatus.space"}
{"name": "Cybercriminals Prey on the COVID-19 Pandemic", "value": "corona-map-data.com"}
{"name": "Cybercriminals Prey on the COVID-19 Pandemic", "value": "corona-masr4.com"}
{"name": "Cybercriminals Prey on the COVID-19 Pandemic", "value": "covidpreventandcure.com"}
{"name": "Cybercriminals Prey on the COVID-19 Pandemic", "value": "coronaviruscovid19-information.com"}
{"name": "Cybercriminals Prey on the COVID-19 Pandemic", "value": "corona-masr7.com"}
{"name": "Cybercriminals Prey on the COVID-19 Pandemic", "value": "corona-masr31.com"}
{"name": "Cybercriminals Prey on the COVID-19 Pandemic", "value": "coronavirus-meds.com"}
{"name": "Cybercriminals Prey on the COVID-19 Pandemic", "value": "corona-masr11.com"}
{"name": "Cybercriminals Prey on the COVID-19 Pandemic", "value": "corona-masr10.com"}
{"name": "Cybercriminals Prey on the COVID-19 Pandemic", "value": "corona-masr101.com"}
{"name": "Cybercriminals Prey on the COVID-19 Pandemic", "value": "corona-masr9.com"}
{"name": "Cybercriminals Prey on the COVID-19 Pandemic", "value": "corona-masr5.com"}
{"name": "Cybercriminals Prey on the COVID-19 Pandemic", "value": "corona-masr.com"}
{"name": "Cybercriminals Prey on the COVID-19 Pandemic", "value": "corona-masr1.com"}
{"name": "Cybercriminals Prey on the COVID-19 Pandemic", "value": "corona-masr61.com"}
{"name": "Cybercriminals Prey on the COVID-19 Pandemic", "value": "corona-masr91.com"}
{"name": "Cybercriminals Prey on the COVID-19 Pandemic", "value": "corona-masr71.com"}
{"name": "Cybercriminals Prey on the COVID-19 Pandemic", "value": "corona-masr51.com"}
{"name": "Cybercriminals Prey on the COVID-19 Pandemic", "value": "corona-masr41.com"}
{"name": "Cybercriminals Prey on the COVID-19 Pandemic", "value": "corona-masr6.com"}
{"name": "Cybercriminals Prey on the COVID-19 Pandemic", "value": "corona-masr81.com"}
{"name": "Cybercriminals Prey on the COVID-19 Pandemic", "value": "corona-masr8.com"}
{"name": "Cybercriminals Prey on the COVID-19 Pandemic", "value": "corona-masr2.com"}
{"name": "TA505 COVID-19 Phishing Lures", "value": "i-sharecloud.com"}
{"name": "Exposed Redis Instances Abused for Remote Code Execution, Cryptocurrency Mining", "value": "init.ps"}
{"name": "Exposed Redis Instances Abused for Remote Code Execution, Cryptocurrency Mining", "value": "rsa.pub"}
{"name": "APT32 Targeting Chinese Government", "value": "vitlescaux.com"}
{"name": "StrongPity APT March-May Campaign", "value": "safecopydisk.com"}
{"name": "StrongPity APT March-May Campaign", "value": "hybirdcloudreportingsoftware.com"}
{"name": "StrongPity APT March-May Campaign", "value": "dangerposedbyhaving.com"}
{"name": "StrongPity APT March-May Campaign", "value": "mentiononecommon.com"}
{"name": "StrongPity APT March-May Campaign", "value": "mailtransfersagents.com"}
{"name": "StrongPity APT March-May Campaign", "value": "hostoperationsystems.com"}
{"name": "Collection of Mobile Malware related to APT Espionage", "value": "myrocketchat.com"}
{"name": "Collection of Mobile Malware related to APT Espionage", "value": "flashnewsservice.org"}
{"name": "Collection of Mobile Malware related to APT Espionage", "value": "kashmir-n.com"}
{"name": "Collection of Mobile Malware related to APT Espionage", "value": "ydownyload.net"}
{"name": "Collection of Mobile Malware related to APT Espionage", "value": "chaton.live"}
{"name": "Collection of Mobile Malware related to APT Espionage", "value": "tweetychat.com"}
{"name": "Collection of Mobile Malware related to APT Espionage", "value": "secretchatpoint.com"}
{"name": "Collection of Mobile Malware related to APT Espionage", "value": "chaton.life"}
{"name": "Collection of Mobile Malware related to APT Espionage", "value": "philionschat.com"}
{"name": "Collection of Mobile Malware related to APT Espionage", "value": "kahmir-n.com"}
{"name": "Collection of Mobile Malware related to APT Espionage", "value": "wdibitmapservice.net"}
{"name": "Collection of Mobile Malware related to APT Espionage", "value": "ynewnow.net"}
{"name": "Collection of Mobile Malware related to APT Espionage", "value": "systemdriverupdate.com"}
{"name": "Collection of Mobile Malware related to APT Espionage", "value": "android-helper.info"}
{"name": "Gamaredon APT Group Use Covid-19 Lure in Campaigns", "value": "harpa.space"}
{"name": "Gamaredon APT Group Use Covid-19 Lure in Campaigns", "value": "bbtt.site"}
{"name": "Gamaredon APT Group Use Covid-19 Lure in Campaigns", "value": "harpa.site"}
{"name": "Gamaredon APT Group Use Covid-19 Lure in Campaigns", "value": "miragena.site"}
{"name": "Gamaredon APT Group Use Covid-19 Lure in Campaigns", "value": "bbtt.space"}
{"name": "Gamaredon APT Group Use Covid-19 Lure in Campaigns", "value": "miragena.xyz"}
{"name": "Gamaredon APT Group Use Covid-19 Lure in Campaigns", "value": "violina.website"}
{"name": "Gamaredon APT Group Use Covid-19 Lure in Campaigns", "value": "harpa.website"}
{"name": "Gamaredon APT Group Use Covid-19 Lure in Campaigns", "value": "himym.site"}
{"name": "Possible FIN7 VBS delivered via 'Payment overdue' malspam", "value": "environmentalist.com"}
{"name": "Possible FIN7 VBS delivered via 'Payment overdue' malspam", "value": "domenuscdm.com"}
{"name": "NetWire RAT Targeting Taxpayers is Spreading via Legacy Microsoft Excel 4.0 Macro", "value": "binexeupload.ru"}
{"name": "NetWire RAT Targeting Taxpayers is Spreading via Legacy Microsoft Excel 4.0 Macro", "value": "stubbackup.ru"}
{"name": "German malspam pushes ZLoader malware", "value": "stagolk.com"}
{"name": "German malspam pushes ZLoader malware", "value": "knalc.com"}
{"name": "German malspam pushes ZLoader malware", "value": "ronswank.com"}
{"name": "German malspam pushes ZLoader malware", "value": "namilh.com"}
{"name": "German malspam pushes ZLoader malware", "value": "mioniough.com"}
{"name": "German malspam pushes ZLoader malware", "value": "ergensu.com"}
{"name": "IOT Botnet Dark Nexus", "value": "switchnets.net"}
{"name": "IOT Botnet Dark Nexus", "value": "thiccnigga.me"}
