{"name": "PerSwaysion Campaign", "value": "wryeboss@yandex.com"}
{"name": "PerSwaysion Campaign", "value": "wondergrace5@gmail.com"}
{"name": "PerSwaysion Campaign", "value": "whitej25juno@gmail.com"}
{"name": "PerSwaysion Campaign", "value": "virgilabloh007@yandex.com"}
{"name": "PerSwaysion Campaign", "value": "tommyben395@gmail.com"}
{"name": "PerSwaysion Campaign", "value": "therealguccimaineeko1800@gmail.com"}
{"name": "PerSwaysion Campaign", "value": "sucknipples911@gmail.com"}
{"name": "PerSwaysion Campaign", "value": "robert767hazzard@gmail.com"}
{"name": "PerSwaysion Campaign", "value": "resultkeys@yandex.com"}
{"name": "PerSwaysion Campaign", "value": "qwetyu093@gmail.com"}
{"name": "PerSwaysion Campaign", "value": "nasubaexpress45@gmail.com"}
{"name": "PerSwaysion Campaign", "value": "microsoft.filter@yandex.com"}
{"name": "PerSwaysion Campaign", "value": "ka834301@gmail.com"}
{"name": "PerSwaysion Campaign", "value": "john2019anu@yandex.com"}
{"name": "PerSwaysion Campaign", "value": "irakindlejr10@gmail.com"}
{"name": "PerSwaysion Campaign", "value": "intern.ship20@yandex.ru"}
{"name": "PerSwaysion Campaign", "value": "how4rdfrank@yandex.com"}
{"name": "PerSwaysion Campaign", "value": "g.ghostman@yandex.com"}
{"name": "PerSwaysion Campaign", "value": "forwardingboxx@yandex.com"}
{"name": "PerSwaysion Campaign", "value": "fashsam@protonmail.com"}
{"name": "PerSwaysion Campaign", "value": "evilc0der@yandex.com"}
{"name": "PerSwaysion Campaign", "value": "briancagle86@gmail.com"}
{"name": "PerSwaysion Campaign", "value": "billionlogs@yandex.com"}
{"name": "PerSwaysion Campaign", "value": "anuanuanuoluwa@gmail.com"}
{"name": "PerSwaysion Campaign", "value": "affiliatetitle@outlook.com"}
{"name": "PerSwaysion Campaign", "value": "teamowoss101@inbox.lt"}
{"name": "COVID-19 Email Phishing Against US Healthcare Providers", "value": "monique@bonnienkim.us"}
{"name": "COVID-19 Email Phishing Against US Healthcare Providers", "value": "help@pahofinity.xyz"}
{"name": "COVID-19 Email Phishing Against US Healthcare Providers", "value": "srmanager@combytellc.com"}
{"name": "COVID-19 Email Phishing Against US Healthcare Providers", "value": "admin@pahostage.xyz"}
