{"name": "QNodeService: Node.js Trojan Spread via Covid-19 Lure", "value": "central.qhub.qua.one"}
{"name": "Backdoor, Devil Shadow Botnet Hidden in Fake Zoom Installers", "value": "madleets.ddns.net"}
{"name": "Backdoor, Devil Shadow Botnet Hidden in Fake Zoom Installers", "value": "hosting303.000wenhostapp.com"}
{"name": "New activity of DoubleGuns Group, control hundreds of thousands of bots via public cloud service", "value": "www.w15773.com"}
{"name": "New activity of DoubleGuns Group, control hundreds of thousands of bots via public cloud service", "value": "pro.csocools.com"}
{"name": "New activity of DoubleGuns Group, control hundreds of thousands of bots via public cloud service", "value": "white.fei46413.com"}
{"name": "New activity of DoubleGuns Group, control hundreds of thousands of bots via public cloud service", "value": "ap.echoit1.com"}
{"name": "New activity of DoubleGuns Group, control hundreds of thousands of bots via public cloud service", "value": "cs.wconf5.com"}
{"name": "New activity of DoubleGuns Group, control hundreds of thousands of bots via public cloud service", "value": "cs.ledfaguang.com"}
{"name": "Recent \"Calypso APT\" dropper", "value": "vs.usergetacss.com"}
{"name": "From Agent.BTZ to ComRAT v4", "value": "foods.jkub.com"}
{"name": "From Agent.BTZ to ComRAT v4", "value": "scrabble.ikwb.com"}
{"name": "From Agent.BTZ to ComRAT v4", "value": "progress.zyns.com"}
{"name": "Spearphishing campaign targeting Taiwan government", "value": "file.outlook-offices.com"}
{"name": "Spearphishing campaign targeting Taiwan government", "value": "nds1.outlook-offices.com"}
{"name": "Spearphishing campaign targeting Taiwan government", "value": "conference.outlook-offices.com"}
{"name": "Spearphishing campaign targeting Taiwan government", "value": "mofa.outlook-offices.com"}
{"name": "Spearphishing campaign targeting Taiwan government", "value": "file-sharing.tibet-office.com"}
{"name": "Spearphishing campaign targeting Taiwan government", "value": "office.phonectrl.com"}
{"name": "The Evolution of APT15's Codebase 2020", "value": "menu.thehuguardian.com"}
{"name": "The Evolution of APT15's Codebase 2020", "value": "www.thehuguardian.com"}
{"name": "Winnti Group Uses New Backdoor Against Gaming Industry", "value": "ssl2.ahnlabinc.com"}
{"name": "Winnti Group Uses New Backdoor Against Gaming Industry", "value": "client.gnisoft.com"}
{"name": "Winnti Group Uses New Backdoor Against Gaming Industry", "value": "ssl2.dyn-tracker.com"}
{"name": "Winnti Group Uses New Backdoor Against Gaming Industry", "value": "owa.ahnlabinc.com"}
{"name": "Winnti Group Uses New Backdoor Against Gaming Industry", "value": "www2.dyn.tracker.com"}
{"name": "Winnti Group Uses New Backdoor Against Gaming Industry", "value": "nmn.nhndesk.com"}
{"name": "Winnti Group Uses New Backdoor Against Gaming Industry", "value": "n8.ahnlabinc.com"}
{"name": "WolfRAT Now Targeting Messaging Apps", "value": "svcws.somtum.today"}
{"name": "WolfRAT Now Targeting Messaging Apps", "value": "www.somtum.today"}
{"name": "WolfRAT Now Targeting Messaging Apps", "value": "www.ponethus.com"}
{"name": "WolfRAT Now Targeting Messaging Apps", "value": "www.cendata.today"}
{"name": "WolfRAT Now Targeting Messaging Apps", "value": "webmail.ponethus.com"}
{"name": "WolfRAT Now Targeting Messaging Apps", "value": "www.databit.today"}
{"name": "WolfRAT Now Targeting Messaging Apps", "value": "svc.somtum.today"}
{"name": "WolfRAT Now Targeting Messaging Apps", "value": "svc.cendata.today"}
{"name": "WolfRAT Now Targeting Messaging Apps", "value": "svcws.nampriknum.net"}
{"name": "WolfRAT Now Targeting Messaging Apps", "value": "cvcws.ponethus.com"}
{"name": "WolfRAT Now Targeting Messaging Apps", "value": "www.nampriknum.net"}
{"name": "WolfRAT Now Targeting Messaging Apps", "value": "shop.databit.today"}
{"name": "WolfRAT Now Targeting Messaging Apps", "value": "svc.ponethus.com"}
{"name": "WolfRAT Now Targeting Messaging Apps", "value": "svcws.cendata.today"}
{"name": "WolfRAT Now Targeting Messaging Apps", "value": "svc.databit.today"}
{"name": "WolfRAT Now Targeting Messaging Apps", "value": "svc.nampriknum.net"}
{"name": "WolfRAT Now Targeting Messaging Apps", "value": "test.databit.today"}
{"name": "Eleethub: A Cryptocurrency Mining Botnet with Rootkit for Self-Hiding", "value": "irc.eleethub.com"}
{"name": "Eleethub: A Cryptocurrency Mining Botnet with Rootkit for Self-Hiding", "value": "ghost.eleethub.com"}
{"name": "Analyzing Dark Crystal RAT, a C# backdoor", "value": "files.dcrat.ru"}
{"name": "LOLSnif \u2013 Tracking Another Ursnif-Based Targeted Campaign", "value": "been.dianer.at"}
{"name": "LOLSnif \u2013 Tracking Another Ursnif-Based Targeted Campaign", "value": "deem.dianer.at"}
{"name": "LOLSnif \u2013 Tracking Another Ursnif-Based Targeted Campaign", "value": "two.ahah100.at"}
{"name": "LOLSnif \u2013 Tracking Another Ursnif-Based Targeted Campaign", "value": "ap.ganikol.at"}
{"name": "LOLSnif \u2013 Tracking Another Ursnif-Based Targeted Campaign", "value": "ya.aftnoop.at"}
{"name": "LOLSnif \u2013 Tracking Another Ursnif-Based Targeted Campaign", "value": "api5.malorun.at"}
{"name": "LOLSnif \u2013 Tracking Another Ursnif-Based Targeted Campaign", "value": "api10.dianer.at"}
{"name": "LOLSnif \u2013 Tracking Another Ursnif-Based Targeted Campaign", "value": "df1.kamalak.at"}
{"name": "LOLSnif \u2013 Tracking Another Ursnif-Based Targeted Campaign", "value": "ad1.wensa.at"}
{"name": "LOLSnif \u2013 Tracking Another Ursnif-Based Targeted Campaign", "value": "g8.farihon.at"}
{"name": "LOLSnif \u2013 Tracking Another Ursnif-Based Targeted Campaign", "value": "nort.calag.at"}
{"name": "LOLSnif \u2013 Tracking Another Ursnif-Based Targeted Campaign", "value": "chat.casus.at"}
{"name": "LOLSnif \u2013 Tracking Another Ursnif-Based Targeted Campaign", "value": "app.calag.at"}
{"name": "LOLSnif \u2013 Tracking Another Ursnif-Based Targeted Campaign", "value": "io.laurela.at"}
{"name": "LOLSnif \u2013 Tracking Another Ursnif-Based Targeted Campaign", "value": "api2.casus.at"}
{"name": "LOLSnif \u2013 Tracking Another Ursnif-Based Targeted Campaign", "value": "w8.wensa.at"}
{"name": "LOLSnif \u2013 Tracking Another Ursnif-Based Targeted Campaign", "value": "api3.lamanak.at"}
{"name": "LOLSnif \u2013 Tracking Another Ursnif-Based Targeted Campaign", "value": "api11.explik.at"}
{"name": "LOLSnif \u2013 Tracking Another Ursnif-Based Targeted Campaign", "value": "k28.ioipzet.at"}
{"name": "LOLSnif \u2013 Tracking Another Ursnif-Based Targeted Campaign", "value": "chat.allage.at"}
{"name": "LOLSnif \u2013 Tracking Another Ursnif-Based Targeted Campaign", "value": "f1.pipen.at"}
{"name": "LOLSnif \u2013 Tracking Another Ursnif-Based Targeted Campaign", "value": "vv.malorun.at"}
{"name": "RATicate Malspam Campaigns", "value": "tucson1989.duckdns.org"}
{"name": "RATicate Malspam Campaigns", "value": "pedrobedoya201904.duckdns.org"}
{"name": "RATicate Malspam Campaigns", "value": "mail.sedirectory.com.my"}
{"name": "RATicate Malspam Campaigns", "value": "mail.jrdigitalstore.com"}
{"name": "RATicate Malspam Campaigns", "value": "mail.alhilaly-group.com"}
{"name": "RATicate Malspam Campaigns", "value": "cashout2018.ddns.de"}
{"name": "RATicate Malspam Campaigns", "value": "mail.arkazo.com"}
{"name": "RATicate Malspam Campaigns", "value": "mail.newmedicacare.com"}
{"name": "RATicate Malspam Campaigns", "value": "mail.qoa.com.my"}
{"name": "RATicate Malspam Campaigns", "value": "mail.koyo.com.my"}
{"name": "Mikroceen: Spying backdoor leveraged in high-profile networks in Central Asia", "value": "yuemt.zzux.com"}
{"name": "Mikroceen: Spying backdoor leveraged in high-profile networks in Central Asia", "value": "bzz.utakatarefrain.com"}
{"name": "Mikroceen: Spying backdoor leveraged in high-profile networks in Central Asia", "value": "kliju.wulinon.com"}
{"name": "Mikroceen: Spying backdoor leveraged in high-profile networks in Central Asia", "value": "app.obokay.com"}
{"name": "Mikroceen: Spying backdoor leveraged in high-profile networks in Central Asia", "value": "log.bestrongerlouder.com"}
{"name": "Mikroceen: Spying backdoor leveraged in high-profile networks in Central Asia", "value": "qrot.apjgtipty.com"}
{"name": "Mikroceen: Spying backdoor leveraged in high-profile networks in Central Asia", "value": "runtime.heroisshit.com"}
{"name": "Mikroceen: Spying backdoor leveraged in high-profile networks in Central Asia", "value": "update.heroisshit.com"}
{"name": "Mikroceen: Spying backdoor leveraged in high-profile networks in Central Asia", "value": "nan.thanhale.com"}
{"name": "Mikroceen: Spying backdoor leveraged in high-profile networks in Central Asia", "value": "ans.moutw.com"}
{"name": "Mikroceen: Spying backdoor leveraged in high-profile networks in Central Asia", "value": "612bb.sheetsbrandnewday.com"}
{"name": "Tropic Trooper\u2019s Back: USBferry Attack Targets Air-gapped Environments", "value": "oldape.4dq.com"}
{"name": "Tropic Trooper\u2019s Back: USBferry Attack Targets Air-gapped Environments", "value": "mila1314.ddns.info"}
{"name": "Tropic Trooper\u2019s Back: USBferry Attack Targets Air-gapped Environments", "value": "oldape.25u.com"}
{"name": "Tropic Trooper\u2019s Back: USBferry Attack Targets Air-gapped Environments", "value": "mila1314.4dq.com"}
{"name": "Tropic Trooper\u2019s Back: USBferry Attack Targets Air-gapped Environments", "value": "www.myzinfo.myz.info"}
{"name": "Tropic Trooper\u2019s Back: USBferry Attack Targets Air-gapped Environments", "value": "jupiter.qpoe.com"}
{"name": "Tropic Trooper\u2019s Back: USBferry Attack Targets Air-gapped Environments", "value": "www.dpponline.trickip.org"}
{"name": "Tropic Trooper\u2019s Back: USBferry Attack Targets Air-gapped Environments", "value": "www.myinfo.ocry.com"}
{"name": "Tropic Trooper\u2019s Back: USBferry Attack Targets Air-gapped Environments", "value": "mila1314.25u.com"}
{"name": "TrickBot Group Loader shadowdev CobaltStrike DNS Beacon", "value": "dns3.dnsskype.com"}
{"name": "TrickBot Group Loader shadowdev CobaltStrike DNS Beacon", "value": "dns.dnsskype.com"}
{"name": "TrickBot Group Loader shadowdev CobaltStrike DNS Beacon", "value": "dns2.dnsskype.com"}
{"name": "North Korean Malicious Cyber Activity - CISA Alert", "value": "eventum.cwsdev3.biz"}
{"name": "North Korean Malicious Cyber Activity - CISA Alert", "value": "new.titanik.fr"}
{"name": "Updated BackConfig Malware Targeting Government and Military Organizations in South Asia", "value": "unique.fontsupdate.com"}
{"name": "Updated BackConfig Malware Targeting Government and Military Organizations in South Asia", "value": "chancetowin.quezknal.net"}
{"name": "Astaroth - Analysis Reveals Dark Stealer", "value": "u9gq2b6u4iah07.com.de"}
{"name": "Astaroth - Analysis Reveals Dark Stealer", "value": "wke9c2ebsdoe15.com.de"}
{"name": "Astaroth - Analysis Reveals Dark Stealer", "value": "4nk7h3s453b019.com.de"}
{"name": "Astaroth - Analysis Reveals Dark Stealer", "value": "32lpn3ft7eph05.com.de"}
{"name": "Astaroth - Analysis Reveals Dark Stealer", "value": "sistemafinanceirosa.com.de"}
{"name": "Astaroth - Analysis Reveals Dark Stealer", "value": "prosistemfinancesa.com.de"}
{"name": "Astaroth - Analysis Reveals Dark Stealer", "value": "bantqr8rrm9c11.com.de"}
{"name": "Astaroth - Analysis Reveals Dark Stealer", "value": "sfinances.com.de"}
{"name": "Astaroth - Analysis Reveals Dark Stealer", "value": "9f3rr2tzu2zm14.com.de"}
{"name": "Astaroth - Analysis Reveals Dark Stealer", "value": "seusistemafinanceirosa.com.de"}
{"name": "Astaroth - Analysis Reveals Dark Stealer", "value": "cg29lhgyrqen08.com.de"}
{"name": "Astaroth - Analysis Reveals Dark Stealer", "value": "centrofinanceirosa.com.de"}
{"name": "Astaroth - Analysis Reveals Dark Stealer", "value": "a4haub65wwq002.com.de"}
{"name": "Astaroth - Analysis Reveals Dark Stealer", "value": "sfinanceirosa.com.de"}
{"name": "Astaroth - Analysis Reveals Dark Stealer", "value": "909nu3dx3rgk13.com.de"}
{"name": "Astaroth - Analysis Reveals Dark Stealer", "value": "rwmaz1ewk6lk18.com.de"}
{"name": "Astaroth - Analysis Reveals Dark Stealer", "value": "sistemcredita.com.de"}
{"name": "Astaroth - Analysis Reveals Dark Stealer", "value": "lkjq5t5bqtol06.com.de"}
{"name": "Astaroth - Analysis Reveals Dark Stealer", "value": "liderfinancesa.com.de"}
{"name": "Astaroth - Analysis Reveals Dark Stealer", "value": "tecnofinancesa.com.de"}
{"name": "Astaroth - Analysis Reveals Dark Stealer", "value": "f6zn4bt4525p04.com.de"}
{"name": "Astaroth - Analysis Reveals Dark Stealer", "value": "fd85jg5cetko03.com.de"}
{"name": "Poulight Stealer, a new Comprehensive Stealer from Russia", "value": "u43692210a.ha003.t.justns.ru"}
{"name": "Poulight Stealer, a new Comprehensive Stealer from Russia", "value": "fff.gearhostpreview.com"}
{"name": "Lazarus Campaign of Fake Classified Engineer Job Lures", "value": "www.astedams.it"}
{"name": "Naikon APT Campaign Targeting Governments in APAC", "value": "news.nyhedmgtxck.com"}
{"name": "Naikon APT Campaign Targeting Governments in APAC", "value": "spool.jtjewifyn.com"}
{"name": "Naikon APT Campaign Targeting Governments in APAC", "value": "cpc.mashresearchb.com"}
{"name": "Naikon APT Campaign Targeting Governments in APAC", "value": "www.ajtkgygth.com"}
{"name": "Naikon APT Campaign Targeting Governments in APAC", "value": "www.qisxnikm.com"}
{"name": "Naikon APT Campaign Targeting Governments in APAC", "value": "www.rrgwmmwgk.com"}
{"name": "Naikon APT Campaign Targeting Governments in APAC", "value": "realteks.gjdredj.com"}
{"name": "Naikon APT Campaign Targeting Governments in APAC", "value": "www.kyemtyjah.com"}
{"name": "Naikon APT Campaign Targeting Governments in APAC", "value": "sugano.trictalmk.com"}
{"name": "Naikon APT Campaign Targeting Governments in APAC", "value": "rad.geewkmy.com"}
{"name": "Naikon APT Campaign Targeting Governments in APAC", "value": "dns.seekvibega.com"}
{"name": "Naikon APT Campaign Targeting Governments in APAC", "value": "bbs.forcejoyt.com"}
{"name": "Naikon APT Campaign Targeting Governments in APAC", "value": "blog.toptogear.com"}
{"name": "Naikon APT Campaign Targeting Governments in APAC", "value": "dns.jmrmfitym.com"}
{"name": "Kaiji, The Linux malware turning to Golang", "value": "cu.versiondat.xyz"}
{"name": "Kaiji, The Linux malware turning to Golang", "value": "www.aresboot.xyz"}
{"name": "Kaiji, The Linux malware turning to Golang", "value": "www.2s11.com"}
{"name": "Kaiji, The Linux malware turning to Golang", "value": "1.versionday.xyz"}
{"name": "Malware analysis: nspps, a Go RAT/Backdoor", "value": "kindora85.fvds.ru"}
{"name": "Malware analysis: nspps, a Go RAT/Backdoor", "value": "host-62-113-112-127.hosted-by-vdsina.ru"}
{"name": "WebMonitor RAT Bundled with Zoom Installer", "value": "dabmaster.wm01.to"}
{"name": "PerSwaysion Campaign", "value": "yuhfdwesaa.appspot.com"}
{"name": "PerSwaysion Campaign", "value": "yu56tdfcxc.appspot.com"}
{"name": "PerSwaysion Campaign", "value": "ytuy45fxs.appspot.com"}
{"name": "PerSwaysion Campaign", "value": "y56gcvx-lean-bear-up.mybluemix.net"}
{"name": "PerSwaysion Campaign", "value": "xoada0pzosa.appspot.com"}
{"name": "PerSwaysion Campaign", "value": "xasf32easzx.appspot.com"}
{"name": "PerSwaysion Campaign", "value": "uy054eprsdoz.appspot.com"}
{"name": "PerSwaysion Campaign", "value": "ut45dfx-sweet-nyala.mybluemix.net"}
{"name": "PerSwaysion Campaign", "value": "ty65xcc-smart-manatee.mybluemix.net"}
{"name": "PerSwaysion Campaign", "value": "tu4dff-reflective-shark.eu-gb.mybluemix.net"}
{"name": "PerSwaysion Campaign", "value": "tru465rsda.appspot.com"}
{"name": "PerSwaysion Campaign", "value": "tr54sdsazxas.appspot.com"}
{"name": "PerSwaysion Campaign", "value": "tir94wepsdxox.appspot.com"}
{"name": "PerSwaysion Campaign", "value": "ruw82qpzxas.appspot.com"}
{"name": "PerSwaysion Campaign", "value": "oi8ytfzxa.appspot.com"}
{"name": "PerSwaysion Campaign", "value": "nffdg43zx.appspot.com"}
{"name": "PerSwaysion Campaign", "value": "kr9apzxosa.appspot.com"}
{"name": "PerSwaysion Campaign", "value": "kj6787rsd.appspot.com"}
{"name": "PerSwaysion Campaign", "value": "kj65rdasz.appspot.com"}
{"name": "PerSwaysion Campaign", "value": "kga9szxosa.appspot.com"}
{"name": "PerSwaysion Campaign", "value": "k87yfgsdaa.appspot.com"}
{"name": "PerSwaysion Campaign", "value": "iwe8pzosa.appspot.com"}
{"name": "PerSwaysion Campaign", "value": "hksdf924pzxoias.appspot.com"}
{"name": "PerSwaysion Campaign", "value": "hk567rsda.appspot.com"}
{"name": "PerSwaysion Campaign", "value": "hj67fadszx.appspot.com"}
{"name": "PerSwaysion Campaign", "value": "hg76ytsdas.appspot.com"}
{"name": "PerSwaysion Campaign", "value": "gdh4szx.appspot.com"}
{"name": "PerSwaysion Campaign", "value": "etetdc4ed-exhausted-lizard-tc.mybluemix.net"}
{"name": "PerSwaysion Campaign", "value": "eqit9pzsxz.appspot.com"}
{"name": "PerSwaysion Campaign", "value": "dgyu536ds.appspot.com"}
{"name": "PerSwaysion Campaign", "value": "da032opzasz.appspot.com"}
{"name": "PerSwaysion Campaign", "value": "asgh65tfsdxz.appspot.com"}
{"name": "PerSwaysion Campaign", "value": "as54rdxfzxs.appspot.com"}
{"name": "PerSwaysion Campaign", "value": "uy6x.bestnewsworld.info"}
{"name": "PerSwaysion Campaign", "value": "otpe.bestnewsworld.info"}
{"name": "PerSwaysion Campaign", "value": "uy6x.c3y5-tools.com"}
{"name": "PerSwaysion Campaign", "value": "odaiw3dda.bestnewsworld.info"}
{"name": "Compromised WordPress Sites Distribute Adwind RAT", "value": "lay.dubya.us"}
{"name": "Compromised WordPress Sites Distribute Adwind RAT", "value": "dlee889.mywire.org"}
{"name": "Compromised WordPress Sites Distribute Adwind RAT", "value": "wawa.cleansite.us"}
{"name": "Compromised WordPress Sites Distribute Adwind RAT", "value": "praisesalways.ddns.net"}
{"name": "Compromised WordPress Sites Distribute Adwind RAT", "value": "gwiza1988.hopto.org"}
{"name": "PhantomLance Android Malware Campaign", "value": "jang.goongnam.com"}
{"name": "PhantomLance Android Malware Campaign", "value": "egg.stralisemariegar.com"}
{"name": "PhantomLance Android Malware Campaign", "value": "com.google.android.play.games"}
{"name": "PhantomLance Android Malware Campaign", "value": "aki.viperse.com"}
{"name": "PhantomLance Android Malware Campaign", "value": "mokkha.goongnam.com"}
{"name": "PhantomLance Android Malware Campaign", "value": "news.sqllitlever.info"}
{"name": "PhantomLance Android Malware Campaign", "value": "log.osloger.biz"}
{"name": "PhantomLance Android Malware Campaign", "value": "s3.hiahornber.com"}
{"name": "PhantomLance Android Malware Campaign", "value": "video.viodger.com"}
{"name": "PhantomLance Android Malware Campaign", "value": "term.ursulapaulet.com"}
{"name": "PhantomLance Android Malware Campaign", "value": "com.android.play.games"}
{"name": "PhantomLance Android Malware Campaign", "value": "paste.christienollmache.xyz"}
{"name": "PhantomLance Android Malware Campaign", "value": "staff.kristianfiedler.club"}
{"name": "PhantomLance Android Malware Campaign", "value": "mtk.baimind.com"}
{"name": "PhantomLance Android Malware Campaign", "value": "trojan.androidos.agent.vg"}
{"name": "PhantomLance Android Malware Campaign", "value": "ming.chujong.com"}
{"name": "PhantomLance Android Malware Campaign", "value": "itpk.mostmkru.com"}
{"name": "PhantomLance Android Malware Campaign", "value": "cyn.ettebiermahalet.com"}
{"name": "PhantomLance Android Malware Campaign", "value": "quam.viperse.com"}
{"name": "PhantomLance Android Malware Campaign", "value": "att.illagedrivestralia.xyz"}
{"name": "PhantomLance Android Malware Campaign", "value": "trojan.androidos.agent.eu"}
{"name": "PhantomLance Android Malware Campaign", "value": "cloud.anofrio.com"}
{"name": "PhantomLance Android Malware Campaign", "value": "us.jaxonsorensen.club"}
{"name": "PhantomLance Android Malware Campaign", "value": "ssl.arkouthrie.com"}
{"name": "PhantomLance Android Malware Campaign", "value": "ckoen.dmkatti.com"}
{"name": "PhantomLance Android Malware Campaign", "value": "sadma.knrowz.com"}
{"name": "PhantomLance Android Malware Campaign", "value": "nhaccuatui.android.zyngacdn.com"}
{"name": "PhantomLance Android Malware Campaign", "value": "mine.remaariegarcia.com"}
{"name": "PhantomLance Android Malware Campaign", "value": "inc.graceneufville.com"}
{"name": "PhantomLance Android Malware Campaign", "value": "hr.halettebiermann.com"}
{"name": "PhantomLance Android Malware Campaign", "value": "api.anaehler.com"}
{"name": "PhantomLance Android Malware Campaign", "value": "bit.catalinabonami.com"}
{"name": "PhantomLance Android Malware Campaign", "value": "file.log4jv.info"}
{"name": "PhantomLance Android Malware Campaign", "value": "widget.shoreoa.com"}
{"name": "PhantomLance Android Malware Campaign", "value": "www.tin247.com"}
{"name": "PhantomLance Android Malware Campaign", "value": "ps.andreagahuvrauvin.com"}
{"name": "Cybercriminals Prey on the COVID-19 Pandemic", "value": "whatsapp.cc0.co"}
{"name": "Cybercriminals Prey on the COVID-19 Pandemic", "value": "whatsapp.version.gratis"}
{"name": "Taiwan High-Tech Ecosystem Targeted by Foreign APT Group", "value": "78276.ussdns02.heketwe.com"}
{"name": "Taiwan High-Tech Ecosystem Targeted by Foreign APT Group", "value": "ussdns01.heketwe.com"}
{"name": "Taiwan High-Tech Ecosystem Targeted by Foreign APT Group", "value": "78276.ussdns01.heketwe.com"}
{"name": "Taiwan High-Tech Ecosystem Targeted by Foreign APT Group", "value": "ussdns04.heketwe.com"}
{"name": "APT32 Targeting Chinese Government", "value": "libjss.inquirerjs.com"}
{"name": "APT32 Targeting Chinese Government", "value": "jcdn.jsoid.com"}
{"name": "APT32 Targeting Chinese Government", "value": "m.topiccore.com"}
{"name": "APT32 Targeting Chinese Government", "value": "libjs.inquirerjs.com"}
{"name": "Evil Eye Threat Actor Resurfaces with iOS Exploit and Updated Implant", "value": "static.doublesclick.info"}
{"name": "Evil Eye Threat Actor Resurfaces with iOS Exploit and Updated Implant", "value": "api.doubles.click"}
{"name": "Evil Eye Threat Actor Resurfaces with iOS Exploit and Updated Implant", "value": "cdn.doublesclick.me"}
{"name": "Evil Eye Threat Actor Resurfaces with iOS Exploit and Updated Implant", "value": "status.search-sslkey-flush.com"}
{"name": "Evil Eye Threat Actor Resurfaces with iOS Exploit and Updated Implant", "value": "start.apiforssl.com"}
{"name": "Evil Eye Threat Actor Resurfaces with iOS Exploit and Updated Implant", "value": "status.verifyingbycf.com"}
{"name": "Winnti Group - Historical Analysis of Attacks Against Gaming Industry.", "value": "dick.mooo.com"}
{"name": "Collection of Mobile Malware related to APT Espionage", "value": "fp.rentwoylas.com"}
{"name": "Collection of Mobile Malware related to APT Espionage", "value": "science.tayenthflores.com"}
{"name": "Collection of Mobile Malware related to APT Espionage", "value": "wand.gasharontomholt.com"}
{"name": "Collection of Mobile Malware related to APT Espionage", "value": "simplechatpoint.ddns.net"}
{"name": "Collection of Mobile Malware related to APT Espionage", "value": "huaian.bbmouseme.com"}
{"name": "Collection of Mobile Malware related to APT Espionage", "value": "heal.lancebarkerwa.com"}
{"name": "Collection of Mobile Malware related to APT Espionage", "value": "activemobistore.ddns.net"}
{"name": "Collection of Mobile Malware related to APT Espionage", "value": "doc.rainaschiffer.com"}
{"name": "Collection of Mobile Malware related to APT Espionage", "value": "traits.senapusmireault.com"}
{"name": "Collection of Mobile Malware related to APT Espionage", "value": "web.nowhatsapp.com"}
{"name": "Collection of Mobile Malware related to APT Espionage", "value": "cbyxhuxo663.ddns.net"}
{"name": "Collection of Mobile Malware related to APT Espionage", "value": "status.elizongham.com"}
{"name": "Collection of Mobile Malware related to APT Espionage", "value": "art.yfieldrainasch.com"}
{"name": "Collection of Mobile Malware related to APT Espionage", "value": "sync.chatit.club"}
{"name": "Coronavirus Update App Leads to Project Spy Android and iOS Spyware", "value": "spy.cashnow.ee"}
{"name": "Coronavirus Update App Leads to Project Spy Android and iOS Spyware", "value": "xyz.cashnow.ee"}
{"name": "Gamaredon APT Group Use Covid-19 Lure in Campaigns", "value": "bambinos.bounceme.net"}
{"name": "Gamaredon APT Group Use Covid-19 Lure in Campaigns", "value": "solod.bounceme.net"}
{"name": "Gamaredon APT Group Use Covid-19 Lure in Campaigns", "value": "tele.3utilities.com"}
{"name": "Gamaredon APT Group Use Covid-19 Lure in Campaigns", "value": "sonik.hopto.org"}
{"name": "Gamaredon APT Group Use Covid-19 Lure in Campaigns", "value": "sabdja.3utilities.com"}
{"name": "Gamaredon APT Group Use Covid-19 Lure in Campaigns", "value": "voyaget.myftp.biz"}
{"name": "Gamaredon APT Group Use Covid-19 Lure in Campaigns", "value": "kristom.hopto.org"}
{"name": "Gamaredon APT Group Use Covid-19 Lure in Campaigns", "value": "kristoffer.hopto.org"}
{"name": "Gamaredon APT Group Use Covid-19 Lure in Campaigns", "value": "papir.hopto.org"}
{"name": "Gamaredon APT Group Use Covid-19 Lure in Campaigns", "value": "seliconos.3utilities.com"}
{"name": "Gamaredon APT Group Use Covid-19 Lure in Campaigns", "value": "voyager.myftp.biz"}
{"name": "Gamaredon APT Group Use Covid-19 Lure in Campaigns", "value": "sakira.3utilities.com"}
{"name": "PoetRAT: Python RAT", "value": "dellgenius.hopto.org"}
{"name": "Multiple fiber routers are being compromised by botnets using 0-day", "value": "6735a55d.ngrok.io"}
{"name": "Multiple fiber routers are being compromised by botnets using 0-day", "value": "nlocalhost.wordtheminer.com"}
{"name": "Multiple fiber routers are being compromised by botnets using 0-day", "value": "attack.niggers.me"}
{"name": "Multiple fiber routers are being compromised by botnets using 0-day", "value": "58680dd9.ngrok.io"}
{"name": "APT41 Using New Speculoos Backdoor", "value": "alibaba.zzux.com"}
{"name": "APT41 Using New Speculoos Backdoor", "value": "exchange.longmusic.com"}
{"name": "DDG Mining Botnet's New Custom P2P Protocol", "value": "kez.tirueg.com"}
