{"name": "QNodeService: Node.js Trojan Spread via Covid-19 Lure", "value": "https://central.qhub.qua.one/scripts/qnodejs-"}
{"name": "QNodeService: Node.js Trojan Spread via Covid-19 Lure", "value": "https://central.qhub.qua.one/scripts/wizard.js."}
{"name": "New activity of DoubleGuns Group, control hundreds of thousands of bots via public cloud service", "value": "https://pro.csocools.com:12310/123.html"}
{"name": "New activity of DoubleGuns Group, control hundreds of thousands of bots via public cloud service", "value": "https://ap.echoit1.com:12310/123.html"}
{"name": "New activity of DoubleGuns Group, control hundreds of thousands of bots via public cloud service", "value": "https://www.w15773.com:12309/report.ashx"}
{"name": "New activity of DoubleGuns Group, control hundreds of thousands of bots via public cloud service", "value": "http://white.fei46413.com:12313/config.html"}
{"name": "New activity of DoubleGuns Group, control hundreds of thousands of bots via public cloud service", "value": "http://pro.csocools.com:8889/stat1.ashx"}
{"name": "New activity of DoubleGuns Group, control hundreds of thousands of bots via public cloud service", "value": "http://cs.wconf5.com:8889/stat1.ashx"}
{"name": "New activity of DoubleGuns Group, control hundreds of thousands of bots via public cloud service", "value": "https://ap.echoit1.com:12309/report.ashx"}
{"name": "New activity of DoubleGuns Group, control hundreds of thousands of bots via public cloud service", "value": "http://cs.ledfaguang.com:8889/stat1.ashx"}
{"name": "New activity of DoubleGuns Group, control hundreds of thousands of bots via public cloud service", "value": "https://cs.wconf5.com:12709/report.ashx"}
{"name": "New activity of DoubleGuns Group, control hundreds of thousands of bots via public cloud service", "value": "https://www.w15773.com:12310/123.html"}
{"name": "New activity of DoubleGuns Group, control hundreds of thousands of bots via public cloud service", "value": "https://cs.wconf5.com:12710/123.html"}
{"name": "New activity of DoubleGuns Group, control hundreds of thousands of bots via public cloud service", "value": "https://ap.echoit1.com:12710/123.html"}
{"name": "New activity of DoubleGuns Group, control hundreds of thousands of bots via public cloud service", "value": "https://cs.ledfaguang.com:12710/123.html"}
{"name": "New activity of DoubleGuns Group, control hundreds of thousands of bots via public cloud service", "value": "https://pro.csocools.com:12309/report.ashx"}
{"name": "New activity of DoubleGuns Group, control hundreds of thousands of bots via public cloud service", "value": "https://cs.wconf5.com:12713/config.html"}
{"name": "New activity of DoubleGuns Group, control hundreds of thousands of bots via public cloud service", "value": "http://white.fei46413.com:8889/stat1.ashx"}
{"name": "New activity of DoubleGuns Group, control hundreds of thousands of bots via public cloud service", "value": "https://ap.echoit1.com:12709/report.ashx"}
{"name": "New activity of DoubleGuns Group, control hundreds of thousands of bots via public cloud service", "value": "https://cs.wconf5.com:12715/GetTag.ashx"}
{"name": "New activity of DoubleGuns Group, control hundreds of thousands of bots via public cloud service", "value": "https://cs.ledfaguang.com:12709/report.ashx"}
{"name": "New activity of DoubleGuns Group, control hundreds of thousands of bots via public cloud service", "value": "http://www.w15773.com:8889/stat1.ashx"}
{"name": "New activity of DoubleGuns Group, control hundreds of thousands of bots via public cloud service", "value": "http://cs.ledfaguang.com:12713/config.html"}
{"name": "New activity of DoubleGuns Group, control hundreds of thousands of bots via public cloud service", "value": "http://www.w15773.com:12313/config.html"}
{"name": "Konni APT CISAC Lure", "value": "http://authadobe.medianewsonline.com/up.php"}
{"name": "Konni APT CISAC Lure", "value": "http://adobeevent.medianewsonline.com/4.dat"}
{"name": "Konni APT CISAC Lure", "value": "http://adobeevent.medianewsonline.com/3.dat"}
{"name": "ZLoader Loads Again: New ZLoader Variant Returns", "value": "http://march262020.tech/post.php"}
{"name": "ZLoader Loads Again: New ZLoader Variant Returns", "value": "http://march262020.store/post.php"}
{"name": "ZLoader Loads Again: New ZLoader Variant Returns", "value": "http://march262020.site/post.php"}
{"name": "ZLoader Loads Again: New ZLoader Variant Returns", "value": "http://march262020.online/post.php"}
{"name": "ZLoader Loads Again: New ZLoader Variant Returns", "value": "http://march262020.network/post.php"}
{"name": "ZLoader Loads Again: New ZLoader Variant Returns", "value": "http://march262020.live/post.php"}
{"name": "ZLoader Loads Again: New ZLoader Variant Returns", "value": "http://march262020.com/post.php"}
{"name": "ZLoader Loads Again: New ZLoader Variant Returns", "value": "http://march262020.club/post.php"}
{"name": "ZLoader Loads Again: New ZLoader Variant Returns", "value": "http://march262020.best/post.php"}
{"name": "ZLoader Loads Again: New ZLoader Variant Returns", "value": "https://209711.com/process.php"}
{"name": "ZLoader Loads Again: New ZLoader Variant Returns", "value": "https://124331.com/success.php"}
{"name": "ZLoader Loads Again: New ZLoader Variant Returns", "value": "https://106311.com/comegetsome.php"}
{"name": "ZLoader Loads Again: New ZLoader Variant Returns", "value": "https://105711.com/docs.php"}
{"name": "ZLoader Loads Again: New ZLoader Variant Returns", "value": "https://todiks.xyz/milagrecf.php"}
{"name": "ZLoader Loads Again: New ZLoader Variant Returns", "value": "https://xyajbocpggsr.site/wp-config.php"}
{"name": "ZLoader Loads Again: New ZLoader Variant Returns", "value": "https://brihutyk.xyz/abbyupdater.php"}
{"name": "ZLoader Loads Again: New ZLoader Variant Returns", "value": "https://vfgthujbxd.xyz/milagrecf.php"}
{"name": "ZLoader Loads Again: New ZLoader Variant Returns", "value": "https://asdmark.org/ph4xUMChrXId6.php"}
{"name": "ZLoader Loads Again: New ZLoader Variant Returns", "value": "https://ooygvpxrb.pw/wp-config.php"}
{"name": "Spearphishing campaign targeting Taiwan government", "value": "http://conference.outlook-offices.com/email/xls/conference-2020.docx.zip"}
{"name": "Sarwent Malware Continues to Evolve With Updated Command Functions", "value": "http://beurbn.com/install.exe"}
{"name": "Sarwent Malware Continues to Evolve With Updated Command Functions", "value": "http://whatsmyhomeworthlondonontario.ca/wp-admin/version.exe"}
{"name": "The \"Silent Night\" Zloader/Zbot", "value": "http://blazeseher.xyz/gravitels.php"}
{"name": "The \"Silent Night\" Zloader/Zbot", "value": "http://disrelure.com/sound.php"}
{"name": "The \"Silent Night\" Zloader/Zbot", "value": "http://banog.org/sound.php"}
{"name": "The \"Silent Night\" Zloader/Zbot", "value": "http://iloveyoubaby1.pro/gate.php"}
{"name": "The \"Silent Night\" Zloader/Zbot", "value": "http://zonaa.org/sound.php"}
{"name": "The \"Silent Night\" Zloader/Zbot", "value": "http://idisaudhasdhasdj.com/web/gate.php"}
{"name": "The \"Silent Night\" Zloader/Zbot", "value": "http://gilantec.org/sound.php"}
{"name": "The \"Silent Night\" Zloader/Zbot", "value": "http://fdsjfjdsfjdsdsjajjs.info/gate.php"}
{"name": "The \"Silent Night\" Zloader/Zbot", "value": "http://hibsurf.com/sound.php"}
{"name": "The \"Silent Night\" Zloader/Zbot", "value": "http://teslatis.org/sound.php"}
{"name": "The \"Silent Night\" Zloader/Zbot", "value": "http://marchadvertisingnetwork6.com/post.php"}
{"name": "The \"Silent Night\" Zloader/Zbot", "value": "http://dandycodes.com/sound.php"}
{"name": "The \"Silent Night\" Zloader/Zbot", "value": "http://kodray.org/sound.php"}
{"name": "The \"Silent Night\" Zloader/Zbot", "value": "http://zoraokorol.xyz/gravitels.php"}
{"name": "The \"Silent Night\" Zloader/Zbot", "value": "http://www.eurodancehitslatm.de/music.php"}
{"name": "The \"Silent Night\" Zloader/Zbot", "value": "http://barbeyo.xyz/milagrecf.php"}
{"name": "The \"Silent Night\" Zloader/Zbot", "value": "http://dsdjfhdsufudhjas.com/web/gate.php"}
{"name": "The \"Silent Night\" Zloader/Zbot", "value": "http://fdsjfjdsfjdsdsjajjs.com/gate.php"}
{"name": "The \"Silent Night\" Zloader/Zbot", "value": "http://geost.com/sound.php"}
{"name": "The \"Silent Night\" Zloader/Zbot", "value": "http://185.236.202.226/sound.php"}
{"name": "The \"Silent Night\" Zloader/Zbot", "value": "http://ronswank.com/sound.php"}
{"name": "The \"Silent Night\" Zloader/Zbot", "value": "http://s28hs823hs823js.com/jbYm9bt/NlGkb4ivk.php"}
{"name": "The \"Silent Night\" Zloader/Zbot", "value": "http://milsop.org/sound.php"}
{"name": "The \"Silent Night\" Zloader/Zbot", "value": "http://ojnxjgfjlftfkkuxxiqd.com/post.php"}
{"name": "The \"Silent Night\" Zloader/Zbot", "value": "http://finib.org/sound.php"}
{"name": "The \"Silent Night\" Zloader/Zbot", "value": "http://czadvokat.info/gate.php"}
{"name": "The \"Silent Night\" Zloader/Zbot", "value": "http://avnjila.website/stuck.php"}
{"name": "The \"Silent Night\" Zloader/Zbot", "value": "http://snnmnkxdhflwgthqismb.com/post.php"}
{"name": "The \"Silent Night\" Zloader/Zbot", "value": "http://ifjedssofllvcr.com/jbYm9bt/NlGkb4ivk.php"}
{"name": "The \"Silent Night\" Zloader/Zbot", "value": "http://bdr.ubibancaa.space/stat.php"}
{"name": "The \"Silent Night\" Zloader/Zbot", "value": "http://bwambztl.xyz/milagrecf.php"}
{"name": "The \"Silent Night\" Zloader/Zbot", "value": "http://brihutyk.xyz/abbyupdater.php"}
{"name": "The \"Silent Night\" Zloader/Zbot", "value": "http://fyratyubvflktyyjiqgq.com/post.php"}
{"name": "The \"Silent Night\" Zloader/Zbot", "value": "http://oidjweidj34rd3.com/jbYm9bt/NlGkb4ivk.php"}
{"name": "The \"Silent Night\" Zloader/Zbot", "value": "http://idsakjfsanfaskj.com/gate.php"}
{"name": "The \"Silent Night\" Zloader/Zbot", "value": "http://www.wuaiwan.cn/wp-content/uploads/2020/04/123.php"}
{"name": "The \"Silent Night\" Zloader/Zbot", "value": "http://dskdsajdsadasda.info/gate.php"}
{"name": "The \"Silent Night\" Zloader/Zbot", "value": "http://spensores.com/sound.php"}
{"name": "The \"Silent Night\" Zloader/Zbot", "value": "http://vitog502.live/erors.php"}
{"name": "The \"Silent Night\" Zloader/Zbot", "value": "http://dasifosafjasfhasf.com/gate.php"}
{"name": "The \"Silent Night\" Zloader/Zbot", "value": "http://marchadvertisingnetwork7.com/post.php"}
{"name": "The \"Silent Night\" Zloader/Zbot", "value": "http://dierdreswensson.xyz/gravitels.php"}
{"name": "The \"Silent Night\" Zloader/Zbot", "value": "http://jdafiasfjsafahhfs.com/web/gate.php"}
{"name": "The \"Silent Night\" Zloader/Zbot", "value": "http://bdr.ubibancaa.host/stat.php"}
{"name": "The \"Silent Night\" Zloader/Zbot", "value": "http://ldhly.com/wp-parser.php"}
{"name": "The \"Silent Night\" Zloader/Zbot", "value": "http://hormonas.comegico.com.mx/wp-parser.php"}
{"name": "The \"Silent Night\" Zloader/Zbot", "value": "http://dsdjfhdsufudhjas.com/gate.php"}
{"name": "The \"Silent Night\" Zloader/Zbot", "value": "http://leaben.pw/milagrecf.php"}
{"name": "The \"Silent Night\" Zloader/Zbot", "value": "http://mayinakh.xyz/plugins.php"}
{"name": "The \"Silent Night\" Zloader/Zbot", "value": "http://glsunzdf.casa/wp-config.php"}
{"name": "The \"Silent Night\" Zloader/Zbot", "value": "http://dentatox.org/sound.php"}
{"name": "The \"Silent Night\" Zloader/Zbot", "value": "http://bdr.ubibanca.pro/stat.php"}
{"name": "The \"Silent Night\" Zloader/Zbot", "value": "http://representis.icu/noagate.php"}
{"name": "The \"Silent Night\" Zloader/Zbot", "value": "http://hinurs.org/sound.php"}
{"name": "The \"Silent Night\" Zloader/Zbot", "value": "http://pitinjest.org/sound.php"}
{"name": "The \"Silent Night\" Zloader/Zbot", "value": "http://bdr.ubibancaa.fun/stat.php"}
{"name": "The \"Silent Night\" Zloader/Zbot", "value": "http://rhald.org/sound.php"}
{"name": "The \"Silent Night\" Zloader/Zbot", "value": "http://loots.org/sound.php"}
{"name": "The \"Silent Night\" Zloader/Zbot", "value": "http://dcaiqjgnbt.icu/wp-config.php"}
{"name": "The \"Silent Night\" Zloader/Zbot", "value": "http://unwer.org/sound.php"}
{"name": "The \"Silent Night\" Zloader/Zbot", "value": "http://45.72.3.132/web7643/gate.php"}
{"name": "The \"Silent Night\" Zloader/Zbot", "value": "http://marchadvertisingnetwork4.com/post.php"}
{"name": "The \"Silent Night\" Zloader/Zbot", "value": "http://bluslias.com/sound.php"}
{"name": "The \"Silent Night\" Zloader/Zbot", "value": "http://162.241.115.242/sound.php"}
{"name": "The \"Silent Night\" Zloader/Zbot", "value": "http://surgued.com/sound.php"}
{"name": "The \"Silent Night\" Zloader/Zbot", "value": "http://far.spargroarr.org/tv/x.php"}
{"name": "The \"Silent Night\" Zloader/Zbot", "value": "http://buhjike.host/milagrecf.php"}
{"name": "The \"Silent Night\" Zloader/Zbot", "value": "http://axelerode.host/stuck.php"}
{"name": "The \"Silent Night\" Zloader/Zbot", "value": "http://namilh.com/sound.php"}
{"name": "The \"Silent Night\" Zloader/Zbot", "value": "http://dsdjfhd9ddksaas.pro/gate.php"}
{"name": "The \"Silent Night\" Zloader/Zbot", "value": "http://grually.com/sound.php"}
{"name": "The \"Silent Night\" Zloader/Zbot", "value": "http://nncpsedsb.host/wp-config.php"}
{"name": "The \"Silent Night\" Zloader/Zbot", "value": "http://185.180.198.32/abbyupdater.php"}
{"name": "The \"Silent Night\" Zloader/Zbot", "value": "http://40j9f2j9sj32ssoj.com/jbYm9bt/NlGkb4ivk.php"}
{"name": "The \"Silent Night\" Zloader/Zbot", "value": "http://62.109.2.250/gate.php"}
{"name": "The \"Silent Night\" Zloader/Zbot", "value": "http://representis.xyz/noagate.php"}
{"name": "The \"Silent Night\" Zloader/Zbot", "value": "http://polild.org/sound.php"}
{"name": "The \"Silent Night\" Zloader/Zbot", "value": "http://pacallse.com/sound.php"}
{"name": "The \"Silent Night\" Zloader/Zbot", "value": "http://www.danceeruohitslatm.de/music.php"}
{"name": "The \"Silent Night\" Zloader/Zbot", "value": "http://penaght.org/sound.php"}
{"name": "The \"Silent Night\" Zloader/Zbot", "value": "http://kdsidsiadsakfsas.com/web/gate.php"}
{"name": "The \"Silent Night\" Zloader/Zbot", "value": "http://lotio.org/sound.php"}
{"name": "The \"Silent Night\" Zloader/Zbot", "value": "http://iawfqecrwohcxnhwtofa.com/post.php"}
{"name": "The \"Silent Night\" Zloader/Zbot", "value": "http://kasfajfsafhasfhaf.com/web/gate.php"}
{"name": "The \"Silent Night\" Zloader/Zbot", "value": "http://gorab.org/sound.php"}
{"name": "The \"Silent Night\" Zloader/Zbot", "value": "http://vitog502.world/erors.php"}
{"name": "The \"Silent Night\" Zloader/Zbot", "value": "http://pheia.com/sound.php"}
{"name": "The \"Silent Night\" Zloader/Zbot", "value": "http://happyiphoneusr.top/erors.php"}
{"name": "The \"Silent Night\" Zloader/Zbot", "value": "http://baatiot.com/sound.php"}
{"name": "The \"Silent Night\" Zloader/Zbot", "value": "http://tarynak.org/sound.php"}
{"name": "The \"Silent Night\" Zloader/Zbot", "value": "http://bluecheese.top/erors.php"}
{"name": "The \"Silent Night\" Zloader/Zbot", "value": "http://norpy.org/sound.php"}
{"name": "The \"Silent Night\" Zloader/Zbot", "value": "http://185.236.202.146/sound.php"}
{"name": "The \"Silent Night\" Zloader/Zbot", "value": "http://238ehs823s8h23.com/jbYm9bt/NlGkb4ivk.php"}
{"name": "The \"Silent Night\" Zloader/Zbot", "value": "http://msrtuhctb.pw/wp-config.php"}
{"name": "The \"Silent Night\" Zloader/Zbot", "value": "http://lildor.com/sound.php"}
{"name": "The \"Silent Night\" Zloader/Zbot", "value": "http://welefus.com/sound.php"}
{"name": "The \"Silent Night\" Zloader/Zbot", "value": "http://oajdasnndkdahm.com/gate.php"}
{"name": "The \"Silent Night\" Zloader/Zbot", "value": "http://dhteijwrb.host/milagrecf.php"}
{"name": "The \"Silent Night\" Zloader/Zbot", "value": "http://pressrealbox.com/post.php"}
{"name": "The \"Silent Night\" Zloader/Zbot", "value": "http://vfgthujbxd.xyz/milagrecf.php"}
{"name": "The \"Silent Night\" Zloader/Zbot", "value": "http://akrisko.info/gate.php"}
{"name": "The \"Silent Night\" Zloader/Zbot", "value": "http://fflxcsbtb.pw/wp-config.php"}
{"name": "The \"Silent Night\" Zloader/Zbot", "value": "http://fibulu.org/sound.php"}
{"name": "The \"Silent Night\" Zloader/Zbot", "value": "http://qwd8s3j8s23h8s.com/jbYm9bt/NlGkb4ivk.php"}
{"name": "The \"Silent Night\" Zloader/Zbot", "value": "http://rayonch.org/sound.php"}
{"name": "The \"Silent Night\" Zloader/Zbot", "value": "http://giril.org/sound.php"}
{"name": "The \"Silent Night\" Zloader/Zbot", "value": "http://insceos.com/post.php"}
{"name": "The \"Silent Night\" Zloader/Zbot", "value": "http://vanagitah.com/sound.php"}
{"name": "The \"Silent Night\" Zloader/Zbot", "value": "http://etized.org/sound.php"}
{"name": "The \"Silent Night\" Zloader/Zbot", "value": "http://erbscactus.at/noagate.php"}
{"name": "The \"Silent Night\" Zloader/Zbot", "value": "http://ciconuati.com/sound.php"}
{"name": "The \"Silent Night\" Zloader/Zbot", "value": "http://artiealtiery.xyz/gravitels.php"}
{"name": "The \"Silent Night\" Zloader/Zbot", "value": "http://islacangrejo.fun/library/topikpost.php"}
{"name": "The \"Silent Night\" Zloader/Zbot", "value": "http://marchadvertisingnetwork.com/post.php"}
{"name": "The \"Silent Night\" Zloader/Zbot", "value": "http://idjwidj8f4f5ge.com/jbYm9bt/NlGkb4ivk.php"}
{"name": "The \"Silent Night\" Zloader/Zbot", "value": "http://j2888hennene.site/library/topikpost.php"}
{"name": "The \"Silent Night\" Zloader/Zbot", "value": "http://marchadvertisingnetwork3.com/post.php"}
{"name": "The \"Silent Night\" Zloader/Zbot", "value": "http://peermems.com/sound.php"}
{"name": "The \"Silent Night\" Zloader/Zbot", "value": "http://kuaxbdkvbbmivbxkrrev.com/wp-config.php"}
{"name": "The \"Silent Night\" Zloader/Zbot", "value": "http://trebitmore.org/sound.php"}
{"name": "The \"Silent Night\" Zloader/Zbot", "value": "http://iphonexsmax.top/erors.php"}
{"name": "The \"Silent Night\" Zloader/Zbot", "value": "http://gynrhcoe.pw/wp-config.php"}
{"name": "The \"Silent Night\" Zloader/Zbot", "value": "http://195.154.119.165/gate.php"}
{"name": "The \"Silent Night\" Zloader/Zbot", "value": "http://zernel.org/sound.php"}
{"name": "The \"Silent Night\" Zloader/Zbot", "value": "http://watae.org/sound.php"}
{"name": "The \"Silent Night\" Zloader/Zbot", "value": "http://jzfozxqe.site/gravitels.php"}
{"name": "The \"Silent Night\" Zloader/Zbot", "value": "http://oajdasnndkdahm.com/web/gate.php"}
{"name": "The \"Silent Night\" Zloader/Zbot", "value": "http://soficatan.site/milagrecf.php"}
{"name": "The \"Silent Night\" Zloader/Zbot", "value": "http://hopime.com/wp-parser.php"}
{"name": "The \"Silent Night\" Zloader/Zbot", "value": "http://tepbfiafbtt.pw/wp-config.php"}
{"name": "The \"Silent Night\" Zloader/Zbot", "value": "http://lesson.musicentrance.com/wp-parser.php"}
{"name": "The \"Silent Night\" Zloader/Zbot", "value": "http://dxdeedle.host/gravitels.php"}
{"name": "The \"Silent Night\" Zloader/Zbot", "value": "http://ooygvpxrb.pw/wp-config.php"}
{"name": "The \"Silent Night\" Zloader/Zbot", "value": "http://fsakjdsafasifkajfaf.pro/gate.php"}
{"name": "The \"Silent Night\" Zloader/Zbot", "value": "http://aracp.org/sound.php"}
{"name": "The \"Silent Night\" Zloader/Zbot", "value": "http://klill.com/sound.php"}
{"name": "The \"Silent Night\" Zloader/Zbot", "value": "http://mioniough.com/sound.php"}
{"name": "The \"Silent Night\" Zloader/Zbot", "value": "http://3reh8rd23js9.com/jbYm9bt/NlGkb4ivk.php"}
{"name": "The \"Silent Night\" Zloader/Zbot", "value": "http://irfanhaber.net/wp-parser.php"}
{"name": "The \"Silent Night\" Zloader/Zbot", "value": "http://nurgsozebt.pw/wp-config.php"}
{"name": "The \"Silent Night\" Zloader/Zbot", "value": "http://wgyvjbse.pw/milagrecf.php"}
{"name": "The \"Silent Night\" Zloader/Zbot", "value": "http://horcinx.org/sound.php"}
{"name": "The \"Silent Night\" Zloader/Zbot", "value": "http://smenard.com/sound.php"}
{"name": "The \"Silent Night\" Zloader/Zbot", "value": "http://185.185.24.49/gate.php"}
{"name": "The \"Silent Night\" Zloader/Zbot", "value": "http://soceneo.com/sound.php"}
{"name": "The \"Silent Night\" Zloader/Zbot", "value": "http://representis.icu/gate.php"}
{"name": "The \"Silent Night\" Zloader/Zbot", "value": "http://gavrelets.ru/wp-parser.php"}
{"name": "The \"Silent Night\" Zloader/Zbot", "value": "http://kasfajfsafhasfhaf.com/gate.php"}
{"name": "The \"Silent Night\" Zloader/Zbot", "value": "http://heartsmobileautorepair.com/redir.php"}
{"name": "The \"Silent Night\" Zloader/Zbot", "value": "http://lgepubbf.icu/wp-config.php"}
{"name": "The \"Silent Night\" Zloader/Zbot", "value": "http://naght.org/sound.php"}
{"name": "The \"Silent Night\" Zloader/Zbot", "value": "http://tarsilh.com/sound.php"}
{"name": "The \"Silent Night\" Zloader/Zbot", "value": "http://postgringos.com/sound.php"}
{"name": "The \"Silent Night\" Zloader/Zbot", "value": "http://vitog502.digital/erors.php"}
{"name": "The \"Silent Night\" Zloader/Zbot", "value": "http://fdsjfjdsfjdsdsjajjs.com/web/gate.php"}
{"name": "The \"Silent Night\" Zloader/Zbot", "value": "http://js823hs23js.com/jbYm9bt/NlGkb4ivk.php"}
{"name": "The \"Silent Night\" Zloader/Zbot", "value": "http://todiks.xyz/milagrecf.php"}
{"name": "The \"Silent Night\" Zloader/Zbot", "value": "http://buhismus.com/sound.php"}
{"name": "The \"Silent Night\" Zloader/Zbot", "value": "http://chorbly.org/sound.php"}
{"name": "The \"Silent Night\" Zloader/Zbot", "value": "http://lonehee.com/sound.php"}
{"name": "The \"Silent Night\" Zloader/Zbot", "value": "http://adird.org/sound.php"}
{"name": "The \"Silent Night\" Zloader/Zbot", "value": "http://185.236.202.235/sound.php"}
{"name": "The \"Silent Night\" Zloader/Zbot", "value": "http://www.trancepartysets.de/music.php"}
{"name": "The \"Silent Night\" Zloader/Zbot", "value": "http://axelerode.club/stuck.php"}
{"name": "The \"Silent Night\" Zloader/Zbot", "value": "http://april30domain.com/post.php"}
{"name": "The \"Silent Night\" Zloader/Zbot", "value": "http://eirry.org/sound.php"}
{"name": "The \"Silent Night\" Zloader/Zbot", "value": "http://luckystatus.com/wp-parser.php"}
{"name": "The \"Silent Night\" Zloader/Zbot", "value": "http://d9j49dj923993.com/jbYm9bt/NlGkb4ivk.php"}
{"name": "The \"Silent Night\" Zloader/Zbot", "value": "http://djsadhsadsadjashs.pro/gate.php"}
{"name": "The \"Silent Night\" Zloader/Zbot", "value": "http://finuclier.com/sound.php"}
{"name": "The \"Silent Night\" Zloader/Zbot", "value": "http://adandore.com/sound.php"}
{"name": "The \"Silent Night\" Zloader/Zbot", "value": "http://rehoterv.org/sound.php"}
{"name": "The \"Silent Night\" Zloader/Zbot", "value": "http://adran.org/sound.php"}
{"name": "The \"Silent Night\" Zloader/Zbot", "value": "http://isfjiaaodwsoi.com/jbYm9bt/NlGkb4ivk.php"}
{"name": "The \"Silent Night\" Zloader/Zbot", "value": "http://hwbblyyrb.pw/wp-config.php"}
{"name": "The \"Silent Night\" Zloader/Zbot", "value": "http://postxer.com/sound.php"}
{"name": "The \"Silent Night\" Zloader/Zbot", "value": "http://footmess.com/sound.php"}
{"name": "The \"Silent Night\" Zloader/Zbot", "value": "http://onregcan.com/post.php"}
{"name": "The \"Silent Night\" Zloader/Zbot", "value": "http://tilyn.org/sound.php"}
{"name": "The \"Silent Night\" Zloader/Zbot", "value": "http://grimberks.com/post.php"}
{"name": "The \"Silent Night\" Zloader/Zbot", "value": "http://ajvwdjtebb.pw/wp-config.php"}
{"name": "The \"Silent Night\" Zloader/Zbot", "value": "http://mslfiedjssfdes.com/jbYm9bt/NlGkb4ivk.php"}
{"name": "The \"Silent Night\" Zloader/Zbot", "value": "http://gdexordsb.icu/wp-config.php"}
{"name": "The \"Silent Night\" Zloader/Zbot", "value": "http://apprdlbtb.pw/wp-config.php"}
{"name": "The \"Silent Night\" Zloader/Zbot", "value": "http://wd23h8qsh8qhs823qs.com/jbYm9bt/NlGkb4ivk.php"}
{"name": "The \"Silent Night\" Zloader/Zbot", "value": "http://fvqlkgedqjiqgapudkgq.com/post.php"}
{"name": "The \"Silent Night\" Zloader/Zbot", "value": "http://botiq.xyz/milagrecf.php"}
{"name": "The \"Silent Night\" Zloader/Zbot", "value": "http://217.138.205.135/sound.php"}
{"name": "The \"Silent Night\" Zloader/Zbot", "value": "http://banssa.org/sound.php"}
{"name": "The \"Silent Night\" Zloader/Zbot", "value": "http://dsjdjsjdsadhasdas.com/gate.php"}
{"name": "The \"Silent Night\" Zloader/Zbot", "value": "http://basorkiq.host/milagrecf.php"}
{"name": "The \"Silent Night\" Zloader/Zbot", "value": "http://rizoqur.pw/milagrecf.php"}
{"name": "The \"Silent Night\" Zloader/Zbot", "value": "http://marchadvertisingnetwork8.com/post.php"}
{"name": "The \"Silent Night\" Zloader/Zbot", "value": "http://ydmfemfe.pw/gravitels.php"}
{"name": "The \"Silent Night\" Zloader/Zbot", "value": "http://adslsticker.world/click.php"}
{"name": "The \"Silent Night\" Zloader/Zbot", "value": "http://2.57.38.157/sound.php"}
{"name": "The \"Silent Night\" Zloader/Zbot", "value": "http://shotroot.xyz/data.php"}
{"name": "The \"Silent Night\" Zloader/Zbot", "value": "http://dij49jf39fjd340d.com/jbYm9bt/NlGkb4ivk.php"}
{"name": "The \"Silent Night\" Zloader/Zbot", "value": "http://april30x3domain.com/post.php"}
{"name": "The \"Silent Night\" Zloader/Zbot", "value": "http://dasifosafjasfhasf.com/web/gate.php"}
{"name": "The \"Silent Night\" Zloader/Zbot", "value": "http://hesaista.org/sound.php"}
{"name": "The \"Silent Night\" Zloader/Zbot", "value": "http://tirdo.org/sound.php"}
{"name": "The \"Silent Night\" Zloader/Zbot", "value": "http://airnaa.org/sound.php"}
{"name": "The \"Silent Night\" Zloader/Zbot", "value": "http://roo.purcererya.org/tv/x.php"}
{"name": "The \"Silent Night\" Zloader/Zbot", "value": "http://baj3tu.xyz/image.php"}
{"name": "The \"Silent Night\" Zloader/Zbot", "value": "http://zgpqjzwrb.pw/gravitels.php"}
{"name": "The \"Silent Night\" Zloader/Zbot", "value": "http://greenrumba.com/sound.php"}
{"name": "The \"Silent Night\" Zloader/Zbot", "value": "http://liangzizhineng.cn/wp-parser.php"}
{"name": "The \"Silent Night\" Zloader/Zbot", "value": "http://sandyfotos.com/sound.php"}
{"name": "The \"Silent Night\" Zloader/Zbot", "value": "http://ffclubs.net/erors.php"}
{"name": "The \"Silent Night\" Zloader/Zbot", "value": "http://detid.org/sound.php"}
{"name": "The \"Silent Night\" Zloader/Zbot", "value": "http://wmwifbajxxbcxmucxmlc.com/post.php"}
{"name": "The \"Silent Night\" Zloader/Zbot", "value": "http://marchadvertisingnetwork5.com/post.php"}
{"name": "The \"Silent Night\" Zloader/Zbot", "value": "http://dskdsajdsahda.info/gate.php"}
{"name": "The \"Silent Night\" Zloader/Zbot", "value": "http://maxbiler.dk/wp-parser.php"}
{"name": "The \"Silent Night\" Zloader/Zbot", "value": "http://marchadvertisingnetwork9.com/post.php"}
{"name": "The \"Silent Night\" Zloader/Zbot", "value": "http://dskjdsadhsahjsas.info/gate.php"}
{"name": "The \"Silent Night\" Zloader/Zbot", "value": "http://adslstickerf1.world/click.php"}
{"name": "The \"Silent Night\" Zloader/Zbot", "value": "http://ficutept.com/sound.php"}
{"name": "The \"Silent Night\" Zloader/Zbot", "value": "http://knalc.com/sound.php"}
{"name": "The \"Silent Night\" Zloader/Zbot", "value": "http://dsdjfhdsufudhjas.pro/gate.php"}
{"name": "The \"Silent Night\" Zloader/Zbot", "value": "http://fotonums.com/sound.php"}
{"name": "The \"Silent Night\" Zloader/Zbot", "value": "http://spardanos.com/sound.php"}
{"name": "The \"Silent Night\" Zloader/Zbot", "value": "http://zelacarths.com/sound.php"}
{"name": "The \"Silent Night\" Zloader/Zbot", "value": "http://idisaudhasdhasdj.info/gate.php"}
{"name": "The \"Silent Night\" Zloader/Zbot", "value": "http://monbrase.com/post.php"}
{"name": "The \"Silent Night\" Zloader/Zbot", "value": "http://cersubego.com/sound.php"}
{"name": "The \"Silent Night\" Zloader/Zbot", "value": "http://fdsjfjdsfjdsjfdjsfh.com/web/gate.php"}
{"name": "The \"Silent Night\" Zloader/Zbot", "value": "http://adslstickerf.world/click.php"}
{"name": "The \"Silent Night\" Zloader/Zbot", "value": "http://jewellerydesigns.co.za/wp-parser.php"}
{"name": "The \"Silent Night\" Zloader/Zbot", "value": "http://smeack.org/sound.php"}
{"name": "The \"Silent Night\" Zloader/Zbot", "value": "http://heartsmobileautorepair.com/123.php"}
{"name": "The \"Silent Night\" Zloader/Zbot", "value": "http://idisaudhasdhasdj.com/gate.php"}
{"name": "The \"Silent Night\" Zloader/Zbot", "value": "http://gertibaeronjdkwp.site/library/topikpost.php"}
{"name": "The \"Silent Night\" Zloader/Zbot", "value": "http://thoughtlibrary.top/library/topikpost.php"}
{"name": "The \"Silent Night\" Zloader/Zbot", "value": "http://purots.com/sound.php"}
{"name": "The \"Silent Night\" Zloader/Zbot", "value": "http://marchadvertisingnetwork2.com/post.php"}
{"name": "The \"Silent Night\" Zloader/Zbot", "value": "http://www.deephousesets1.de/music.php"}
{"name": "The \"Silent Night\" Zloader/Zbot", "value": "http://adslstickerfone.world/click.php"}
{"name": "The \"Silent Night\" Zloader/Zbot", "value": "http://obeaf.com/sound.php"}
{"name": "The \"Silent Night\" Zloader/Zbot", "value": "http://nexycombats.com/sound.php"}
{"name": "The \"Silent Night\" Zloader/Zbot", "value": "http://vacontd.com/sound.php"}
{"name": "The \"Silent Night\" Zloader/Zbot", "value": "http://pearlsolutionis.com/post.php"}
{"name": "The \"Silent Night\" Zloader/Zbot", "value": "http://invesund.org/sound.php"}
{"name": "The \"Silent Night\" Zloader/Zbot", "value": "http://hahwuUmkwioq.site/library/topikpost.php"}
{"name": "The \"Silent Night\" Zloader/Zbot", "value": "http://stagolk.com/sound.php"}
{"name": "The \"Silent Night\" Zloader/Zbot", "value": "http://pqayjeenbbt.icu/wp-config.php"}
{"name": "The \"Silent Night\" Zloader/Zbot", "value": "http://interurbanpu.at/noagate.php"}
{"name": "The \"Silent Night\" Zloader/Zbot", "value": "http://dcgljuzrb.pw/wp-config.php"}
{"name": "The \"Silent Night\" Zloader/Zbot", "value": "http://kdsidsiadsakfsas.com/gate.php"}
{"name": "The \"Silent Night\" Zloader/Zbot", "value": "http://eoieowo.casa/wp-config.php"}
{"name": "The \"Silent Night\" Zloader/Zbot", "value": "http://sigmark.org/sound.php"}
{"name": "The \"Silent Night\" Zloader/Zbot", "value": "http://calul.org/sound.php"}
{"name": "The \"Silent Night\" Zloader/Zbot", "value": "http://shatskie.org/sound.php"}
{"name": "The \"Silent Night\" Zloader/Zbot", "value": "http://sifeiwdjiesde.com/jbYm9bt/NlGkb4ivk.php"}
{"name": "The \"Silent Night\" Zloader/Zbot", "value": "http://23d8s23hs89j239sj23.com/jbYm9bt/NlGkb4ivk.php"}
{"name": "The \"Silent Night\" Zloader/Zbot", "value": "http://verobani.website/milagrecf.php"}
{"name": "The \"Silent Night\" Zloader/Zbot", "value": "http://evahs.org/sound.php"}
{"name": "The \"Silent Night\" Zloader/Zbot", "value": "http://brosmasters.com/sound.php"}
{"name": "The \"Silent Night\" Zloader/Zbot", "value": "http://japanjisho.info/wp-parser.php"}
{"name": "The \"Silent Night\" Zloader/Zbot", "value": "http://wlqaqife.icu/wp-config.php"}
{"name": "The \"Silent Night\" Zloader/Zbot", "value": "http://cmmxhurildiigqghlryq.com/post.php"}
{"name": "The \"Silent Night\" Zloader/Zbot", "value": "http://d823hrd9239sdj2.com/jbYm9bt/NlGkb4ivk.php"}
{"name": "The \"Silent Night\" Zloader/Zbot", "value": "http://bdr.ubibancaa.website/stat.php"}
{"name": "The \"Silent Night\" Zloader/Zbot", "value": "http://cristinneese.xyz/gravitels.php"}
{"name": "The \"Silent Night\" Zloader/Zbot", "value": "http://twinsors.xyz/gravitels.php"}
{"name": "The \"Silent Night\" Zloader/Zbot", "value": "http://rarigussa.com/sound.php"}
{"name": "The \"Silent Night\" Zloader/Zbot", "value": "http://sentspiels.com/sound.php"}
{"name": "The \"Silent Night\" Zloader/Zbot", "value": "http://fslakdasjdnsasjsj.com/gate.php"}
{"name": "The \"Silent Night\" Zloader/Zbot", "value": "http://rswtgmhf.pw/wp-config.php"}
{"name": "The \"Silent Night\" Zloader/Zbot", "value": "http://calife.best/erors.php"}
{"name": "The \"Silent Night\" Zloader/Zbot", "value": "http://fdsjfjdsfjdsjfdjsfh.com/gate.php"}
{"name": "The \"Silent Night\" Zloader/Zbot", "value": "http://smoash.org/sound.php"}
{"name": "The \"Silent Night\" Zloader/Zbot", "value": "http://weako.org/sound.php"}
{"name": "The \"Silent Night\" Zloader/Zbot", "value": "http://217.138.205.159/sound.php"}
{"name": "The \"Silent Night\" Zloader/Zbot", "value": "http://188.127.226.197/gate.php"}
{"name": "The \"Silent Night\" Zloader/Zbot", "value": "http://givlonest.com/tv.php"}
{"name": "The \"Silent Night\" Zloader/Zbot", "value": "http://jdafiasfjsafahhfs.com/gate.php"}
{"name": "The \"Silent Night\" Zloader/Zbot", "value": "http://nlbmfsyplohyaicmxhum.com/post.php"}
{"name": "The \"Silent Night\" Zloader/Zbot", "value": "http://xyajbocpggsr.site/wp-config.php"}
{"name": "The \"Silent Night\" Zloader/Zbot", "value": "http://bunap.org/sound.php"}
{"name": "The \"Silent Night\" Zloader/Zbot", "value": "http://4f394j89d3j4d89j34d.com/jbYm9bt/NlGkb4ivk.php"}
{"name": "The \"Silent Night\" Zloader/Zbot", "value": "http://dolax.org/sound.php"}
{"name": "The \"Silent Night\" Zloader/Zbot", "value": "http://imosey.com/sound.php"}
{"name": "The \"Silent Night\" Zloader/Zbot", "value": "http://siloban.pw/milagrecf.php"}
{"name": "The \"Silent Night\" Zloader/Zbot", "value": "http://ch.theblissbinder.com/wp-smart.php"}
{"name": "The \"Silent Night\" Zloader/Zbot", "value": "http://baj3tu.xyz/thread.php"}
{"name": "The \"Silent Night\" Zloader/Zbot", "value": "http://fwgdhdln.icu/wp-config.php"}
{"name": "The \"Silent Night\" Zloader/Zbot", "value": "http://givlonest.org/tv.php"}
{"name": "The \"Silent Night\" Zloader/Zbot", "value": "http://pwkqhdgytsshkoibaake.com/post.php"}
{"name": "The \"Silent Night\" Zloader/Zbot", "value": "http://nmqsmbiabjdnuushksas.com/post.php"}
{"name": "The \"Silent Night\" Zloader/Zbot", "value": "http://dksadjsahnfaskmsa.com/gate.php"}
{"name": "The \"Silent Night\" Zloader/Zbot", "value": "http://aquolepp.pw/milagrecf.php"}
{"name": "The \"Silent Night\" Zloader/Zbot", "value": "http://ergensu.com/sound.php"}
{"name": "The \"Silent Night\" Zloader/Zbot", "value": "http://itachaphi.com/sound.php"}
{"name": "The \"Silent Night\" Zloader/Zbot", "value": "http://perditta.org/sound.php"}
{"name": "The \"Silent Night\" Zloader/Zbot", "value": "http://jtppbycsb.space/wp-config.php"}
{"name": "The \"Silent Night\" Zloader/Zbot", "value": "http://veckeard.com/sound.php"}
{"name": "The \"Silent Night\" Zloader/Zbot", "value": "http://213.155.31.199/wwp/gate.php"}
{"name": "The \"Silent Night\" Zloader/Zbot", "value": "http://51.83.171.27/sound.php"}
{"name": "The \"Silent Night\" Zloader/Zbot", "value": "http://plemopomps.com/post.php"}
{"name": "The \"Silent Night\" Zloader/Zbot", "value": "http://advokat-hodonin.info/gate.php"}
{"name": "The \"Silent Night\" Zloader/Zbot", "value": "http://coult.org/sound.php"}
{"name": "The \"Silent Night\" Zloader/Zbot", "value": "http://rutom.org/sound.php"}
{"name": "The \"Silent Night\" Zloader/Zbot", "value": "http://tetraslims.com/sound.php"}
{"name": "The \"Silent Night\" Zloader/Zbot", "value": "http://starterdatas.com/sound.php"}
{"name": "The \"Silent Night\" Zloader/Zbot", "value": "http://ginibenio.com/sound.php"}
{"name": "The \"Silent Night\" Zloader/Zbot", "value": "http://vitog502.life/erors.php"}
{"name": "The \"Silent Night\" Zloader/Zbot", "value": "http://tremood.com/sound.php"}
{"name": "The \"Silent Night\" Zloader/Zbot", "value": "http://dsdjfhdsufudhjas.info/gate.php"}
{"name": "The \"Silent Night\" Zloader/Zbot", "value": "http://xaprgnve.icu/wp-config.php"}
{"name": "The \"Silent Night\" Zloader/Zbot", "value": "http://hustlertest.com/sound.php"}
{"name": "The \"Silent Night\" Zloader/Zbot", "value": "http://onfovdaqqrwbvdfoqnof.com/post.php"}
{"name": "The \"Silent Night\" Zloader/Zbot", "value": "http://217.138.205.136/sound.php"}
{"name": "The \"Silent Night\" Zloader/Zbot", "value": "http://iphonexr.top/erors.php"}
{"name": "The \"Silent Night\" Zloader/Zbot", "value": "http://162.241.70.164/sound.php"}
{"name": "The \"Silent Night\" Zloader/Zbot", "value": "http://rubense.xyz/milagrecf.php"}
{"name": "The \"Silent Night\" Zloader/Zbot", "value": "http://marlodubberly.xyz/gravitels.php"}
{"name": "The \"Silent Night\" Zloader/Zbot", "value": "http://marchadvertisingnetwork10.com/post.php"}
{"name": "The \"Silent Night\" Zloader/Zbot", "value": "http://dsjadjsadjsadjafsa.info/gate.php"}
{"name": "The \"Silent Night\" Zloader/Zbot", "value": "http://horatiobrotherton.xyz/gravitels.php"}
{"name": "The \"Silent Night\" Zloader/Zbot", "value": "http://retualeigh.com/sound.php"}
{"name": "The \"Silent Night\" Zloader/Zbot", "value": "http://representis.xyz/gate.php"}
{"name": "The \"Silent Night\" Zloader/Zbot", "value": "http://penaz.info/gate.php"}
{"name": "The \"Silent Night\" Zloader/Zbot", "value": "http://bdr.ubibanca.xyz/stat.php"}
{"name": "The \"Silent Night\" Zloader/Zbot", "value": "http://ltuywjafbt.icu/wp-config.php"}
{"name": "The \"Silent Night\" Zloader/Zbot", "value": "http://lifeprimary.site/wp-parser.php"}
{"name": "The \"Silent Night\" Zloader/Zbot", "value": "http://teamper.org/sound.php"}
{"name": "The \"Silent Night\" Zloader/Zbot", "value": "http://brewaz.club/milagrecf.php"}
{"name": "The \"Silent Night\" Zloader/Zbot", "value": "http://flopperos.org/sound.php"}
{"name": "The \"Silent Night\" Zloader/Zbot", "value": "http://home.comegico.com.mx/wp-parser.php"}
{"name": "The \"Silent Night\" Zloader/Zbot", "value": "http://dsjdjsjdsadhasdas.com/web/gate.php"}
{"name": "The \"Silent Night\" Zloader/Zbot", "value": "http://bhajkqmd.xyz/milagrecf.php"}
{"name": "The \"Silent Night\" Zloader/Zbot", "value": "http://maremeo.com/sound.php"}
{"name": "The \"Silent Night\" Zloader/Zbot", "value": "http://lipurf.com/sound.php"}
{"name": "The \"Silent Night\" Zloader/Zbot", "value": "http://nmttxggtb.press/wp-config.php"}
{"name": "The \"Silent Night\" Zloader/Zbot", "value": "http://sldeodjiweiswi.com/jbYm9bt/NlGkb4ivk.php"}
{"name": "The \"Silent Night\" Zloader/Zbot", "value": "http://emearibys.com/sound.php"}
{"name": "Analyzing Dark Crystal RAT, a C# backdoor", "value": "http://domalo.online"}
{"name": "Analyzing Dark Crystal RAT, a C# backdoor", "value": "http://domalo.online/ksezblxlvou3kcmbq8l7hf3f4cy5xgeo4udla91dueu3qa54/46kqbjvyklunp1z56txzk"}
{"name": "Analyzing Dark Crystal RAT, a C# backdoor", "value": "http://domalo.online:80"}
{"name": "Deep Dive Into TrickBot Executor Module \"mexec\": Reversing the Dropper Variant", "value": "http://185.98.87.185/Atomic.exe"}
{"name": "Deep Dive Into TrickBot Executor Module \"mexec\": Reversing the Dropper Variant", "value": "http://107.173.160.14/cranberry.exe"}
{"name": "Deep Dive Into TrickBot Executor Module \"mexec\": Reversing the Dropper Variant", "value": "http://172.82.152.15/cloudberry.exe"}
{"name": "Deep Dive Into TrickBot Executor Module \"mexec\": Reversing the Dropper Variant", "value": "http://104.168.98.206/Nuclear.exe"}
{"name": "Deep Dive Into TrickBot Executor Module \"mexec\": Reversing the Dropper Variant", "value": "http://107.173.160.14/blueberry.exe"}
{"name": "Deep Dive Into TrickBot Executor Module \"mexec\": Reversing the Dropper Variant", "value": "http://198.46.161.242/cranberry.exe"}
{"name": "Deep Dive Into TrickBot Executor Module \"mexec\": Reversing the Dropper Variant", "value": "http://85.204.116.245/chishir.exe"}
{"name": "Deep Dive Into TrickBot Executor Module \"mexec\": Reversing the Dropper Variant", "value": "http://64.91.251.250/UgaNda73n"}
{"name": "Deep Dive Into TrickBot Executor Module \"mexec\": Reversing the Dropper Variant", "value": "http://172.82.152.15/blueberry.exe"}
{"name": "Mirai and Hoaxcalls Botnets Target Legacy Symantec Web Gateways", "value": "http://164.132.92.180/i586"}
{"name": "Mirai and Hoaxcalls Botnets Target Legacy Symantec Web Gateways", "value": "http://164.132.92.180/arm6"}
{"name": "Mirai and Hoaxcalls Botnets Target Legacy Symantec Web Gateways", "value": "http://164.132.92.180/i686"}
{"name": "Mirai and Hoaxcalls Botnets Target Legacy Symantec Web Gateways", "value": "http://45.95.168.250/swrgiuhguhwrguiwetu/mips"}
{"name": "Mirai and Hoaxcalls Botnets Target Legacy Symantec Web Gateways", "value": "http://164.132.92.180/arm4"}
{"name": "Mirai and Hoaxcalls Botnets Target Legacy Symantec Web Gateways", "value": "http://45.95.168.250/swrgiuhguhwrguiwetu/x86"}
{"name": "Mirai and Hoaxcalls Botnets Target Legacy Symantec Web Gateways", "value": "http://164.132.92.180/sh"}
{"name": "Mirai and Hoaxcalls Botnets Target Legacy Symantec Web Gateways", "value": "http://164.132.92.180/arm7"}
{"name": "Mirai and Hoaxcalls Botnets Target Legacy Symantec Web Gateways", "value": "http://164.132.92.180/arm5"}
{"name": "Mirai and Hoaxcalls Botnets Target Legacy Symantec Web Gateways", "value": "http://164.132.92.180/mips64"}
{"name": "Mirai and Hoaxcalls Botnets Target Legacy Symantec Web Gateways", "value": "http://164.132.92.180/mpsl"}
{"name": "Mirai and Hoaxcalls Botnets Target Legacy Symantec Web Gateways", "value": "http://164.132.92.180/ppc440"}
{"name": "Mirai and Hoaxcalls Botnets Target Legacy Symantec Web Gateways", "value": "http://45.95.168.250/swrgiuhguhwrguiwetu/arm6"}
{"name": "Mirai and Hoaxcalls Botnets Target Legacy Symantec Web Gateways", "value": "http://45.95.168.250/swrgiuhguhwrguiwetu/arm7"}
{"name": "Mirai and Hoaxcalls Botnets Target Legacy Symantec Web Gateways", "value": "http://45.95.168.250/swrgiuhguhwrguiwetu/sh4"}
{"name": "Mirai and Hoaxcalls Botnets Target Legacy Symantec Web Gateways", "value": "http://qweqwe.com"}
{"name": "Mirai and Hoaxcalls Botnets Target Legacy Symantec Web Gateways", "value": "http://plexle.us/Th5xrRAm%20-O%20/tmp/viktor%20&&%20chmod%20777%20/tmp/viktor%20&&%20/tmp/viktor"}
{"name": "Mirai and Hoaxcalls Botnets Target Legacy Symantec Web Gateways", "value": "http://164.132.92.180/spc"}
{"name": "Mirai and Hoaxcalls Botnets Target Legacy Symantec Web Gateways", "value": "http://164.132.92.180/m68k"}
{"name": "Mirai and Hoaxcalls Botnets Target Legacy Symantec Web Gateways", "value": "http://45.95.168.250/swrgiuhguhwrguiwetu/ppc"}
{"name": "Mirai and Hoaxcalls Botnets Target Legacy Symantec Web Gateways", "value": "http://164.132.92.180/i486"}
{"name": "Mirai and Hoaxcalls Botnets Target Legacy Symantec Web Gateways", "value": "http://45.95.168.250/swrgiuhguhwrguiwetu/mpsl"}
{"name": "Mirai and Hoaxcalls Botnets Target Legacy Symantec Web Gateways", "value": "http://164.132.92.180/x86"}
{"name": "Mirai and Hoaxcalls Botnets Target Legacy Symantec Web Gateways", "value": "http://45.95.168.250/swrgiuhguhwrguiwetu/m68k"}
{"name": "Mirai and Hoaxcalls Botnets Target Legacy Symantec Web Gateways", "value": "http://164.132.92.180/sh4"}
{"name": "Mirai and Hoaxcalls Botnets Target Legacy Symantec Web Gateways", "value": "http://45.95.168.250/swrgiuhguhwrguiwetu/arm5"}
{"name": "Vendetta New Threat Actor from Europe", "value": "http://172.111.188.199:8829"}
{"name": "Netwire RAT Delivered via paste.ee and Excel to German users", "value": "http://paste.ee/r/gTYWf"}
{"name": "Netwire RAT Delivered via paste.ee and Excel to German users", "value": "http://paste.ee/r/e49u0"}
{"name": "Netwire RAT Delivered via paste.ee and Excel to German users", "value": "http://paste.ee/r/rHoL5"}
{"name": "Netwire RAT Delivered via paste.ee and Excel to German users", "value": "http://paste.ee/r/dlOMz"}
{"name": "RATicate Malspam Campaigns", "value": "http://skylod.com/sa"}
{"name": "RATicate Malspam Campaigns", "value": "http://coxemen.com/c206"}
{"name": "RATicate Malspam Campaigns", "value": "http://jinshasoft.com/c208"}
{"name": "RATicate Malspam Campaigns", "value": "http://79.134.225.97:1982"}
{"name": "RATicate Malspam Campaigns", "value": "http://hypnose-beziers.com/c206"}
{"name": "RATicate Malspam Campaigns", "value": "http://pupilfy.com/c206"}
{"name": "RATicate Malspam Campaigns", "value": "http://lighthouse-campus24.com/c206"}
{"name": "RATicate Malspam Campaigns", "value": "http://czxpkj.com/c206"}
{"name": "RATicate Malspam Campaigns", "value": "http://odoyo.net/c208"}
{"name": "RATicate Malspam Campaigns", "value": "http://rdrfi.com/sa/"}
{"name": "RATicate Malspam Campaigns", "value": "http://dachfix.com/c206"}
{"name": "RATicate Malspam Campaigns", "value": "http://conrak.net/c206"}
{"name": "RATicate Malspam Campaigns", "value": "http://terenium.com/c206"}
{"name": "RATicate Malspam Campaigns", "value": "http://yncits89.com/p0x"}
{"name": "RATicate Malspam Campaigns", "value": "http://jevmod.com/c206"}
{"name": "RATicate Malspam Campaigns", "value": "http://yamatobb.com/c206"}
{"name": "RATicate Malspam Campaigns", "value": "http://cbespania.info/c206"}
{"name": "RATicate Malspam Campaigns", "value": "http://hearee.com/c208"}
{"name": "RATicate Malspam Campaigns", "value": "http://binzom.com/c208"}
{"name": "RATicate Malspam Campaigns", "value": "http://sofisleep.com/c208"}
{"name": "RATicate Malspam Campaigns", "value": "http://79.134.225.11:1199"}
{"name": "RATicate Malspam Campaigns", "value": "http://oleum.gmbh/c206"}
{"name": "RATicate Malspam Campaigns", "value": "http://hsctsu.com/sa"}
{"name": "RATicate Malspam Campaigns", "value": "http://slashoff.com/c208"}
{"name": "RATicate Malspam Campaigns", "value": "http://ef-oh.com/c208"}
{"name": "RATicate Malspam Campaigns", "value": "http://miscov.com/p0x"}
{"name": "RATicate Malspam Campaigns", "value": "http://79.134.225.97:2556"}
{"name": "RATicate Malspam Campaigns", "value": "http://pizzans.com/c208"}
{"name": "RATicate Malspam Campaigns", "value": "http://ratokasutka.com/p0x"}
{"name": "RATicate Malspam Campaigns", "value": "http://tellpizzqhut.com/c206"}
{"name": "RATicate Malspam Campaigns", "value": "http://bywebhost.com/c208"}
{"name": "RATicate Malspam Campaigns", "value": "http://phochain.com/sa"}
{"name": "RATicate Malspam Campaigns", "value": "http://vibe.restaurant/c206"}
{"name": "Mikroceen: Spying backdoor leveraged in high-profile networks in Central Asia", "value": "https://yuemt.zzux.com:443"}
{"name": "Tropic Trooper\u2019s Back: USBferry Attack Targets Air-gapped Environments", "value": "http://jupiter.qpoe.com/cow.24.bat"}
{"name": "Tropic Trooper\u2019s Back: USBferry Attack Targets Air-gapped Environments", "value": "http://jupiter.qpoe.com/dog.24.jpg"}
{"name": "Tropic Trooper\u2019s Back: USBferry Attack Targets Air-gapped Environments", "value": "http://oldape.25u.com/cfdocs/bai0211.6.jpg"}
{"name": "Tropic Trooper\u2019s Back: USBferry Attack Targets Air-gapped Environments", "value": "http://jupiter.qpoe.com/cat.24.jpg"}
{"name": "Tropic Trooper\u2019s Back: USBferry Attack Targets Air-gapped Environments", "value": "http://mila1314.ddns.info:53/baidu0213.24.jpg"}
{"name": "Tropic Trooper\u2019s Back: USBferry Attack Targets Air-gapped Environments", "value": "http://jupiter.qpoe.com/cow.6.bat"}
{"name": "Tropic Trooper\u2019s Back: USBferry Attack Targets Air-gapped Environments", "value": "http://mila1314.ddns.info:53/baidu0211.6.jpg"}
{"name": "Tropic Trooper\u2019s Back: USBferry Attack Targets Air-gapped Environments", "value": "http://mila1314.ddns.info:53/bd141219.24.jpg"}
{"name": "Tropic Trooper\u2019s Back: USBferry Attack Targets Air-gapped Environments", "value": "http://mila1314.ddns.info:53/baidu0213.6.jpg"}
{"name": "Tropic Trooper\u2019s Back: USBferry Attack Targets Air-gapped Environments", "value": "http://www.dpponline.trickip.org/images/D2015_id.jpg"}
{"name": "Tropic Trooper\u2019s Back: USBferry Attack Targets Air-gapped Environments", "value": "http://mila1314.25u.com:443/bd141219.24.jpg"}
{"name": "Tropic Trooper\u2019s Back: USBferry Attack Targets Air-gapped Environments", "value": "http://jupiter.qpoe.com/dog.6.jpg"}
{"name": "Tropic Trooper\u2019s Back: USBferry Attack Targets Air-gapped Environments", "value": "http://oldape.25u.com/cfdocs/bai0211.24.jpg"}
{"name": "Tropic Trooper\u2019s Back: USBferry Attack Targets Air-gapped Environments", "value": "http://jupiter.qpoe.com/cat.6.jpg"}
{"name": "Tropic Trooper\u2019s Back: USBferry Attack Targets Air-gapped Environments", "value": "http://113.10.221.89/images/bd2015.24.jpg"}
{"name": "Tropic Trooper\u2019s Back: USBferry Attack Targets Air-gapped Environments", "value": "http://www.myzinfo.myz.info/images/bd2015.24.jpg"}
{"name": "Tropic Trooper\u2019s Back: USBferry Attack Targets Air-gapped Environments", "value": "http://www.myinfo.ocry.com/images/D2015_id.jpg"}
{"name": "Tropic Trooper\u2019s Back: USBferry Attack Targets Air-gapped Environments", "value": "http://mila1314.4dq.com:53/rusbmon.24.dat"}
{"name": "Tropic Trooper\u2019s Back: USBferry Attack Targets Air-gapped Environments", "value": "http://oldape.4dq.com/cfdocs/bai0211.6.jpg"}
{"name": "Tropic Trooper\u2019s Back: USBferry Attack Targets Air-gapped Environments", "value": "http://mila1314.ddns.info:53/baidu0211.24.jpg"}
{"name": "Tropic Trooper\u2019s Back: USBferry Attack Targets Air-gapped Environments", "value": "http://www.myinfo.ocry.com/images/bd2015.24.jpg"}
{"name": "SilverTerrier: New COVID-19 Themed Business Email Compromise Schemes", "value": "http://academydea.com/alhaji/Panel/five/fre.php"}
{"name": "TrickBot Group Loader shadowdev CobaltStrike DNS Beacon", "value": "http://dns3.dnsskype.com/j.ad"}
{"name": "TrickBot Group Loader shadowdev CobaltStrike DNS Beacon", "value": "http://dns.dnsskype.com/dot.gif"}
{"name": "TrickBot Group Loader shadowdev CobaltStrike DNS Beacon", "value": "http://dns2.dnsskype.com/cx"}
{"name": "Updated BackConfig Malware Targeting Government and Military Organizations in South Asia", "value": "http://212.114.52.148/request/httpsrequest"}
{"name": "Updated BackConfig Malware Targeting Government and Military Organizations in South Asia", "value": "http://185.203.119.184/winmgt/winmgt.exe"}
{"name": "Updated BackConfig Malware Targeting Government and Military Organizations in South Asia", "value": "http://chancetowin.quezknal.net/appstore/updatepatch/logs.exe"}
{"name": "Updated BackConfig Malware Targeting Government and Military Organizations in South Asia", "value": "http://webtechhub.com/wordpress/wp-content/images/fbr_circular.php"}
{"name": "Updated BackConfig Malware Targeting Government and Military Organizations in South Asia", "value": "http://185.203.119.184/Dropbox/request"}
{"name": "Updated BackConfig Malware Targeting Government and Military Organizations in South Asia", "value": "http://nsaimmigration.com/userfiles/image/"}
{"name": "Updated BackConfig Malware Targeting Government and Military Organizations in South Asia", "value": "http://185.203.119.184/fin_div/session"}
{"name": "Updated BackConfig Malware Targeting Government and Military Organizations in South Asia", "value": "http://alphamike.com.mv/housing"}
{"name": "Updated BackConfig Malware Targeting Government and Military Organizations in South Asia", "value": "http://mgamphs.edu.bd/info/"}
{"name": "Poulight Stealer, a new Comprehensive Stealer from Russia", "value": "http://gearhostpreview.com/ARMBot"}
{"name": "Analysis of OceanLotus PhantomLance Android App Campaign", "value": "https://apk.support/app/net.vilakeyice.openglplugin"}
{"name": "Analysis of OceanLotus PhantomLance Android App Campaign", "value": "https://apk.support/app-th/com.techiholding.app.babycare"}
{"name": "Analysis of OceanLotus PhantomLance Android App Campaign", "value": "https://apkplz.net/app/com.zimice.browserturbo"}
{"name": "Analysis of OceanLotus PhantomLance Android App Campaign", "value": "https://apk.support/app/com.zimice.browserturbo"}
{"name": "Analysis of OceanLotus PhantomLance Android App Campaign", "value": "https://androidappsapk.co/download/com.techiholding.app.babycare/"}
{"name": "Lazarus Campaign of Fake Classified Engineer Job Lures", "value": "https://www.astedams.it/uploads/frame/61.dotm"}
{"name": "Lazarus Campaign of Fake Classified Engineer Job Lures", "value": "https://www.elite4print.com/admin/order/batchPdfs.asp"}
{"name": "Lazarus Campaign of Fake Classified Engineer Job Lures", "value": "https://www.astedams.it/uploads/template/17.dotm"}
{"name": "Lazarus Campaign of Fake Classified Engineer Job Lures", "value": "http://www.astedams.it/include/inc-elenco-offerter.asp"}
{"name": "Lazarus Campaign of Fake Classified Engineer Job Lures", "value": "https://www.sanlorenzoyacht.com/newsl/uploads/docs/43.dotm"}
{"name": "Lazarus Campaign of Fake Classified Engineer Job Lures", "value": "https://www.sanlorenzoyacht.com/newsl/uploads/docs/1.dotm"}
{"name": "Lazarus Campaign of Fake Classified Engineer Job Lures", "value": "http://www.elite4print.com/admin/order/batchPdfs.asp"}
{"name": "New Mac variant of Lazarus Dacls RAT distributed via Trojanized 2FA app", "value": "https://loneeaglerecords.com/wp-content/uploads/2020/01/images.tgz.001"}
{"name": "EVILNUM Observed In Attacks Against The Global Financial Industry", "value": "https://www.digitalpoint.com/members/johndeer123.923670/"}
{"name": "EVILNUM Observed In Attacks Against The Global Financial Industry", "value": "https://gitlab.com/jhondeer123/test/raw/master/test.py"}
{"name": "EVILNUM Observed In Attacks Against The Global Financial Industry", "value": "https://www.digitalpoint.com/members/bliblobla.943007/"}
{"name": "EVILNUM Observed In Attacks Against The Global Financial Industry", "value": "https://gitlab.com/jhondeer123/test/raw/master/README.md"}
{"name": "EVILNUM Observed In Attacks Against The Global Financial Industry", "value": "https://gitlab.com/bliblobla123/testingtesting/-/raw/master/README.md"}
{"name": "EVILNUM Observed In Attacks Against The Global Financial Industry", "value": "https://docs.google.com/uc?authuser=0&id=1TROQjDFvR1pw7QckQq1TUVnOYUK6tR6Q&export=download"}
{"name": "EVILNUM Observed In Attacks Against The Global Financial Industry", "value": "https://drive.google.com/uc?auth_user=0&id=1KjJy7FCn-4IN7rsOSwWmSab3xVfY-wNn&export=download"}
{"name": "Loki Info Stealer Propagates through LZH Files", "value": "http://retrak.co.ke/wrdp/five/fre.php"}
{"name": "Loki Info Stealer Propagates through LZH Files", "value": "http://retrak.co.ke/wrdp4/five/fre.php"}
{"name": "Loki Info Stealer Propagates through LZH Files", "value": "http://retrak.co.ke/psy/five/fre.php"}
{"name": "WebMonitor RAT Bundled with Zoom Installer", "value": "https://213.188.152.96/recv7.php"}
{"name": "Compromised WordPress Sites Distribute Adwind RAT", "value": "https://digitaltextile.com.ru/n/DHL%20paket.jar"}
{"name": "Compromised WordPress Sites Distribute Adwind RAT", "value": "https://digitaltextile.com.ru/lk/Deutsche%20Telekom.jar"}
{"name": "Compromised WordPress Sites Distribute Adwind RAT", "value": "http://mahalowood.com/USPS/USPSReschedulerLabel.jar"}
{"name": "Compromised WordPress Sites Distribute Adwind RAT", "value": "http://teddyshatsworld.pl/Reylontransport-covid19-statement20.jar"}
{"name": "Compromised WordPress Sites Distribute Adwind RAT", "value": "https://dev.medialogistics2020.ca/wp-content/plugins/ubh/Quickbooks-INV5066.jar"}
{"name": "Compromised WordPress Sites Distribute Adwind RAT", "value": "http://wawa.cleansite.us:1010"}
{"name": "Compromised WordPress Sites Distribute Adwind RAT", "value": "http://dlee889.mywire.org:5858"}
{"name": "Compromised WordPress Sites Distribute Adwind RAT", "value": "http://cherryemoore.com/USPS/RedeliveryUSPS.jar"}
{"name": "Compromised WordPress Sites Distribute Adwind RAT", "value": "http://lay.dubya.us:8181"}
{"name": "Compromised WordPress Sites Distribute Adwind RAT", "value": "http://jeddahcrumbly.com/DHLPAKET.jar"}
{"name": "Compromised WordPress Sites Distribute Adwind RAT", "value": "http://212.114.52.236:9932"}
{"name": "Compromised WordPress Sites Distribute Adwind RAT", "value": "https://newsha.jsonland.ir/wp-includes/css/DHLPaket.jar"}
{"name": "Compromised WordPress Sites Distribute Adwind RAT", "value": "http://praisesalways.ddns.net:1010"}
{"name": "Compromised WordPress Sites Distribute Adwind RAT", "value": "http://haus-pesjak.at/04-07-20Intuitinvoices.jar"}
{"name": "Compromised WordPress Sites Distribute Adwind RAT", "value": "https://www.stillval.com/USPS/RescheduleUSPS.jar"}
{"name": "Compromised WordPress Sites Distribute Adwind RAT", "value": "http://gwiza1988.hopto.org:6025"}
{"name": "Compromised WordPress Sites Distribute Adwind RAT", "value": "http://haus-pesjak.at/Covid-19Update.jar"}
{"name": "Compromised WordPress Sites Distribute Adwind RAT", "value": "http://fresh.ygto.com:1010"}
{"name": "Compromised WordPress Sites Distribute Adwind RAT", "value": "http://thaivictory.co.th/pageconfig/album/dir/5/order.jar"}
{"name": "Compromised WordPress Sites Distribute Adwind RAT", "value": "https://thediscoveryrun.com/UPS/ShippingInfo.jar"}
{"name": "Compromised WordPress Sites Distribute Adwind RAT", "value": "https://feylibertad.org/Amazon-PO20023938.jar"}
{"name": "PhantomLance Android Malware Campaign", "value": "http://nhaccuatui.android.zyngacdn.com/NhacCuaTuiDownloader.apk"}
{"name": "PhantomLance Android Malware Campaign", "value": "http://113.171.224.175/videoplayer/NhacCuaTuiDownloader.apk"}
{"name": "PhantomLance Android Malware Campaign", "value": "http://download.com.vn/android/download/nhaccuatui-downloader/31798"}
{"name": "PhantomLance Android Malware Campaign", "value": "https://apk.support/app-en/com.codedexon.churchaddress"}
{"name": "New BazarLoader / BazarBackdoor from the Trickbot gang", "value": "https://allacestech.com/PreviewReport.DOC.exe"}
{"name": "New BazarLoader / BazarBackdoor from the Trickbot gang", "value": "https://www.ruths-brownies.com/PreviewReport.DOC.exe"}
{"name": "New BazarLoader / BazarBackdoor from the Trickbot gang", "value": "http://www.afboxmarket.com/CompanyReportList.exe"}
{"name": "New BazarLoader / BazarBackdoor from the Trickbot gang", "value": "http://invent-uae.com/Document_Preview.exe"}
{"name": "New BazarLoader / BazarBackdoor from the Trickbot gang", "value": "https://51.81.113.26/api/v88"}
{"name": "New BazarLoader / BazarBackdoor from the Trickbot gang", "value": "https://daralsaqi.com/PreviewReport.DOC.exe"}
{"name": "\u201cAsnar\u00f6k\u201d Trojan targets firewalls", "value": "https://sophosfirewallupdate.com/sp/sophos.dat"}
{"name": "\u201cAsnar\u00f6k\u201d Trojan targets firewalls", "value": "https://sophosfirewallupdate.com/sp/lp"}
{"name": "\u201cAsnar\u00f6k\u201d Trojan targets firewalls", "value": "https://sophosfirewallupdate.com/bk"}
{"name": "\u201cAsnar\u00f6k\u201d Trojan targets firewalls", "value": "https://sophosfirewallupdate.com/sp/ae.sh"}
{"name": "\u201cAsnar\u00f6k\u201d Trojan targets firewalls", "value": "https://ragnarokfromasgard.com/sp/patch.sh"}
{"name": "\u201cAsnar\u00f6k\u201d Trojan targets firewalls", "value": "https://sophosfirewallupdate.com/in_exit"}
{"name": "\u201cAsnar\u00f6k\u201d Trojan targets firewalls", "value": "http://filedownloaderservers.com/bkin"}
{"name": "\u201cAsnar\u00f6k\u201d Trojan targets firewalls", "value": "https://sophosfirewallupdate.com/sp/Install.sh"}
{"name": "\u201cAsnar\u00f6k\u201d Trojan targets firewalls", "value": "https://sophosfirewallupdate.com/sp/p.sh"}
{"name": "\u201cAsnar\u00f6k\u201d Trojan targets firewalls", "value": "http://sophosfirewallupdate.com/sh_guard/lc"}
{"name": "\u201cAsnar\u00f6k\u201d Trojan targets firewalls", "value": "http://sophosfirewallupdate.com/bkin"}
{"name": "\u201cAsnar\u00f6k\u201d Trojan targets firewalls", "value": "https://sophosfirewallupdate.com/sp/lpin"}
{"name": "The LeetHozer botnet", "value": "http://185.225.19.57/aq/rxrg"}
{"name": "The LeetHozer botnet", "value": "http://37.49.226.171:31337"}
{"name": "The LeetHozer botnet", "value": "http://vbrxmrhrjnnouvjf.onion:31337"}
{"name": "Cybercriminals Prey on the COVID-19 Pandemic", "value": "http://corona-masr21.com/boa/bankofamerica/login.php"}
{"name": "Cybercriminals Prey on the COVID-19 Pandemic", "value": "http://corona-masr3.com/CAZANOVA%20TRUE%20LOGIN%20SMART%202019/"}
{"name": "Cybercriminals Prey on the COVID-19 Pandemic", "value": "http://corona-masr21.com/apple-online"}
{"name": "Cybercriminals Prey on the COVID-19 Pandemic", "value": "http://coronaviruscovid19-information.com/en/corona.apk"}
{"name": "Cybercriminals Prey on the COVID-19 Pandemic", "value": "http://corona-masr4.com/test.zip"}
{"name": "Cybercriminals Prey on the COVID-19 Pandemic", "value": "http://corona-virusapps.com/s3/CoronaVirus-apps.apk"}
{"name": "Cybercriminals Prey on the COVID-19 Pandemic", "value": "http://corona-virusus.com/OwaOwaowa.zip"}
{"name": "Cybercriminals Prey on the COVID-19 Pandemic", "value": "http://coronaviruscovid19-information.com/it/corona.apk"}
{"name": "Cybercriminals Prey on the COVID-19 Pandemic", "value": "http://corona-map-data.com/bin/regsrtjser346.exe"}
{"name": "Cybercriminals Prey on the COVID-19 Pandemic", "value": "http://corona-virusapps.com/s1/CoronaVirus-apps.apk"}
{"name": "Cybercriminals Prey on the COVID-19 Pandemic", "value": "http://corona-virusapps.com/s2/CoronaVirus-apps.apk"}
{"name": "TA505 COVID-19 Phishing Lures", "value": "http://www.0202.com.tw/~miki/9dwjrv/1mumq.html"}
{"name": "TA505 COVID-19 Phishing Lures", "value": "https://dysoool.com/casemd"}
{"name": "Exposed Redis Instances Abused for Remote Code Execution, Cryptocurrency Mining", "value": "http://91.215.169.111/h"}
{"name": "Exposed Redis Instances Abused for Remote Code Execution, Cryptocurrency Mining", "value": "http://91.215.169.111/get"}
{"name": "Exposed Redis Instances Abused for Remote Code Execution, Cryptocurrency Mining", "value": "http://91.215.169.111/mg"}
{"name": "Exposed Redis Instances Abused for Remote Code Execution, Cryptocurrency Mining", "value": "http://45.10.88.102/mg"}
{"name": "Exposed Redis Instances Abused for Remote Code Execution, Cryptocurrency Mining", "value": "http://195.123.220.193/run6"}
{"name": "Exposed Redis Instances Abused for Remote Code Execution, Cryptocurrency Mining", "value": "https://195.123.220.193/run6"}
{"name": "Exposed Redis Instances Abused for Remote Code Execution, Cryptocurrency Mining", "value": "https://195.123.220.193/run6/"}
{"name": "Exposed Redis Instances Abused for Remote Code Execution, Cryptocurrency Mining", "value": "http://rs.sh"}
{"name": "Exposed Redis Instances Abused for Remote Code Execution, Cryptocurrency Mining", "value": "http://Is.sh"}
{"name": "Exposed Redis Instances Abused for Remote Code Execution, Cryptocurrency Mining", "value": "http://Rs.sh"}
{"name": "Exposed Redis Instances Abused for Remote Code Execution, Cryptocurrency Mining", "value": "http://is.sh"}
{"name": "Exposed Redis Instances Abused for Remote Code Execution, Cryptocurrency Mining", "value": "http://init.sh"}
{"name": "Exposed Redis Instances Abused for Remote Code Execution, Cryptocurrency Mining", "value": "http://updata.sh"}
{"name": "Exposed Redis Instances Abused for Remote Code Execution, Cryptocurrency Mining", "value": "http://Init.sh"}
{"name": "StrongPity APT March-May Campaign", "value": "https://hostoperationsystems.com/parse_ini_file.php"}
{"name": "Multiple fiber routers are being compromised by botnets using 0-day", "value": "http://51.254.23.227/bins/n"}
{"name": "Multiple fiber routers are being compromised by botnets using 0-day", "value": "http://51.254.23.227/bins/polaris.mips"}
{"name": "Multiple fiber routers are being compromised by botnets using 0-day", "value": "http://194.180.224.113/n"}
{"name": "Multiple fiber routers are being compromised by botnets using 0-day", "value": "http://164.132.92.173:123"}
{"name": "Multiple fiber routers are being compromised by botnets using 0-day", "value": "http://58680dd9.ngrok.io/bins/sh"}
{"name": "Multiple fiber routers are being compromised by botnets using 0-day", "value": "http://51.254.23.227/bins/mips"}
{"name": "Multiple fiber routers are being compromised by botnets using 0-day", "value": "http://164.132.92.168:6479/bins/viktor.mips"}
{"name": "Multiple fiber routers are being compromised by botnets using 0-day", "value": "http://attack.niggers.me:443"}
{"name": "Multiple fiber routers are being compromised by botnets using 0-day", "value": "http://58680dd9.ngrok.io/bins/mips"}
{"name": "Multiple fiber routers are being compromised by botnets using 0-day", "value": "http://194.180.224.249/bignigger"}
{"name": "Multiple fiber routers are being compromised by botnets using 0-day", "value": "http://185.61.138.46/n"}
{"name": "Multiple fiber routers are being compromised by botnets using 0-day", "value": "http://51.254.23.227/bins/netlink"}
{"name": "Multiple fiber routers are being compromised by botnets using 0-day", "value": "http://164.132.92.168:6479/bins/mips"}
{"name": "Multiple fiber routers are being compromised by botnets using 0-day", "value": "http://45.58.148.50/n"}
{"name": "Multiple fiber routers are being compromised by botnets using 0-day", "value": "http://6735a55d.ngrok.io/bins/mips"}
{"name": "Multiple fiber routers are being compromised by botnets using 0-day", "value": "http://51.254.23.237:100"}
{"name": "Multiple fiber routers are being compromised by botnets using 0-day", "value": "http://194.180.224.13/n"}
{"name": "Multiple fiber routers are being compromised by botnets using 0-day", "value": "http://nlocalhost.wordtheminer.com:9746"}
{"name": "Multiple fiber routers are being compromised by botnets using 0-day", "value": "http://194.180.224.249/muck.sh"}
{"name": "Deep Dive Into TrickBot Executor Module mexe: Hidden Anchor Bot Nexus Operations", "value": "http://172.82.152.15/aspen.exe"}
{"name": "IOT Botnet Dark Nexus", "value": "http://thiccnigga.me:30047"}
{"name": "IOT Botnet Dark Nexus", "value": "http://switchnets.net:30047"}
{"name": "IOT Botnet Dark Nexus", "value": "http://190.115.18.144:13000"}
{"name": "DDG Mining Botnet's New Custom P2P Protocol", "value": "http://67.205.168.20:8000/static/wordpress"}
{"name": "DDG Mining Botnet's New Custom P2P Protocol", "value": "http://67.205.168.20:8000/static/bb3/busybox.x86_64"}
{"name": "DDG Mining Botnet's New Custom P2P Protocol", "value": "http://67.205.168.20:8000/i.sh"}
{"name": "DDG Mining Botnet's New Custom P2P Protocol", "value": "http://67.205.168.20:8000/static/bb3/busybox.i686"}
