{"name": "Cyber-Criminal Aggah Espionage Operation Targets Italian Manufacturing", "value": "7ffa024bf4a21aef82cdda296a166cff9dac9fe7"}
{"name": "Cyber-Criminal Aggah Espionage Operation Targets Italian Manufacturing", "value": "6d4e05e81677f9edc1891bd2721e8b06e27e605d"}
{"name": "Cyber-Criminal Aggah Espionage Operation Targets Italian Manufacturing", "value": "5cebf5366684792640775b619510c89935cf98fe"}
{"name": "Analysis of Turla \u201cPenquin_x64\u201d", "value": "b6afdaf2f65665e39f4f7225a4c14e532ba92731"}
{"name": "Analysis of Turla \u201cPenquin_x64\u201d", "value": "750331fb281c792f594f65a5df029a14a1610bd5"}
{"name": "\"Outlaw\" Botnet Analysis", "value": "f0302fe9cb5ca449e54ad2281190c474ae142a49"}
{"name": "Poulight Stealer, a new Comprehensive Stealer from Russia", "value": "3523db3aced6cac97ce41f4673855ccdb9d1f17b"}
{"name": "Malware analysis: nspps, a Go RAT/Backdoor", "value": "fb6dad832803ef2b94d309c5d4ba04d091c7e3fa"}
{"name": "Malware analysis: nspps, a Go RAT/Backdoor", "value": "b5793a176cecb05108b17107d916eaacb4ffbe6c"}
{"name": "PerSwaysion Campaign", "value": "458c100cd21df20c89ae13e7fc3c3d888e310365"}
{"name": "New BazarLoader / BazarBackdoor from the Trickbot gang", "value": "c238e928b89138125496c8fda96ac7d7868a4224"}
{"name": "SIG37 - Nazar: A Lost Amulet", "value": "d95f260567a637eeb49dc0d6984cfcfc9790208e"}
{"name": "SIG37 - Nazar: A Lost Amulet", "value": "00cbaddbc9606fada9ca2df01e54ad73aa7bd0cd"}
{"name": "SIG37 - Nazar: A Lost Amulet", "value": "0ab714e5a3d3c89381df8d60c04845a3655692ff"}
{"name": "SIG37 - Nazar: A Lost Amulet", "value": "57e4638a0aff492c4f7e92e8d73de6824c7e63d5"}
{"name": "SIG37 - Nazar: A Lost Amulet", "value": "9afb2699431cc0818b9800de64ea8ec89e06d562"}
{"name": "SIG37 - Nazar: A Lost Amulet", "value": "3ff0294f859418caf7dcc45c2a9200c569eaa0e3"}
{"name": "SIG37 - Nazar: A Lost Amulet", "value": "1f434c36457f11b46c63895905ed91c62fafd715"}
{"name": "Destructive Coronavirus Trojan - Reports of targeting Czech Hospital", "value": "4912a7f0cce0e1a3b11bfc24d3eb2bd5fe29c456"}
{"name": "Destructive Coronavirus Trojan - Reports of targeting Czech Hospital", "value": "157c8a77349dcbfd6c2e06cbd57b187f5d971f4e"}
{"name": "GhostCat exploited to deliver the BiFrost backdoor", "value": "1b86feb2c2c5a3a693a25456e41ec9019807c07b"}
{"name": "Deep Dive Into TrickBot Executor Module mexe: Hidden Anchor Bot Nexus Operations", "value": "999f61d60c69190b65b4e1c809b7769918000a92"}
{"name": "Deep Dive Into TrickBot Executor Module mexe: Hidden Anchor Bot Nexus Operations", "value": "5781102b3387c44eff492866612621655d53572e"}
